[ Mar 03 2026 06:33:56 ] [var/site/cache/template/compiled/page_head_script-beed776dc4c4763512c2c02ca6d30bbe.php]
[ Mar 03 2026 06:33:57 ] [var/site/cache/template/compiled/page_header-11849bce69801220df553152b02d042e.php]
[ Mar 03 2026 06:33:57 ] [var/site/cache/template/compiled/page_topmenu-18e15ccba7f71a057ecadc7e9461db92.php]
[ Mar 03 2026 06:33:57 ] [var/site/cache/template/compiled/page_search-2d55b6b03d331e845e4f1468dd1a1acd.php]
[ Mar 03 2026 06:33:57 ] [var/site/cache/template/compiled/page_topmenuitem-01bc2c389676f3675836c2f9785b190f.php]
[ Mar 03 2026 06:33:57 ] [var/site/cache/template/compiled/page_leftmenu-b290a438f166e01cc48ee103c437bb6d.php]
[ Mar 03 2026 06:33:57 ] [var/site/cache/template/compiled/menu-e694b671218e7ef439427040e235151f.php]
[ Mar 03 2026 06:33:57 ] [var/site/cache/template/compiled/content_structure_menu_dynamic-42d8c9b464afc8ec87c9b5962dde5c32.php]
[ Mar 03 2026 06:33:57 ] [var/site/cache/template/compiled/ini_menu-e1de853ddb9652b95375480dcfb6e285.php]
[ Mar 03 2026 06:33:57 ] [var/site/cache/template/compiled/page_toppath-747a6267e1c8d0a0661cff3118487052.php]
[ Mar 03 2026 06:33:57 ] [var/site/cache/template/compiled/page_mainarea-288ef06c92d266911ee908b9fbc45025.php]
[ Mar 03 2026 06:33:57 ] [var/site/cache/template/compiled/page_warning-62a56d52af6c35f52917f2b1cbd8f04c.php]
[ Mar 03 2026 06:33:57 ] [var/site/cache/template/compiled/admin_current_user-e59fdc139307bb4d9adc7bf5af7a3f9f.php]
[ Mar 03 2026 06:33:57 ] [var/site/cache/template/compiled/admin_preferences-734c4d8cbff161995a31533083131865.php]
[ Mar 03 2026 06:33:57 ] [var/site/cache/template/compiled/admin_bookmarks-bb7568b5875522e3c0e43e642d3fcbe5.php]
[ Mar 03 2026 06:33:57 ] [var/site/cache/template/compiled/admin_clear_cache-6c08c03e5e5f67aa4fc900b602695b93.php]
[ Mar 03 2026 06:33:57 ] [var/site/cache/template/compiled/clear_cache-0a35bd3ffc8e447d52b11bd153f1e082.php]
[ Mar 03 2026 06:33:57 ] [var/site/cache/template/compiled/admin_quick_settings-49133473f92a6a819b96abe24208d95e.php]
[ Mar 03 2026 06:33:57 ] [var/site/cache/template/compiled/quick_settings-e3887769c2bc82ec66f4ed315ca4ced2.php]
[ Mar 03 2026 06:33:57 ] [/var/www/vhosts/portfolio.se7enx.com/public_html/hackernews.portfolio.se7enx.com/lib/ezutils/classes/../../../var/cache/ini/site-9cb0e9631ed265dd09f7291efc783195.php]
[ Mar 03 2026 06:33:57 ] [var/site/cache/template/compiled/page_copyright-9a50decdc088387e87b7b8fe64a7c04d.php]
[ Mar 03 2026 06:33:57 ] [var/site/cache/template/compiled/popup_menu-6b9b3ecbfe6a1914e62e4ebbac341993.php]
[ Mar 03 2026 06:33:57 ] [var/site/cache/template/compiled/popup_context_menu-d79d972be235fda0a5e51117a5d75f40.php]
[ Mar 03 2026 06:33:57 ] [var/site/cache/template/compiled/classcontextmenu-1e838f1c5257d10419878d8c74f11419.php]
[ Mar 03 2026 06:33:57 ] [var/site/cache/template/compiled/ezmucontextmenu-e48fc972db00f91f46181d5bd8fc0314.php]
[ Mar 03 2026 06:33:57 ] [var/site/cache/template/compiled/oocontextmenu-e191790a5698bc6b24f7d99f6f291baa.php]
[ Mar 03 2026 06:33:57 ] [var/site/cache/template/compiled/ownercontextmenu-b936c9a73578f83777859bf2604fd888.php]
[ Mar 03 2026 06:33:57 ] [var/site/cache/template/compiled/popup_subitems_menu-6d1b7c7d98451f31dca7182f2628e1e1.php]
[ Mar 03 2026 06:33:57 ] [var/site/cache/template/compiled/classsubitemscontextmenu-c0df0613996bd08da9d11f2865bfefc0.php]
[ Mar 03 2026 06:33:57 ] [var/site/cache/template/compiled/ezmusubitemscontextmenu-27db2aac59c8daa6787e4915929d6df2.php]
[ Mar 03 2026 06:33:57 ] [var/site/cache/template/compiled/oosubitemscontextmenu-7d4d7ba06549c616711b72d4d275ff64.php]
[ Mar 03 2026 06:33:57 ] [var/site/cache/template/compiled/ownersubitemscontextmenu-6d325323e68fa6f79f3f9b283a9b96fa.php]
[ Mar 03 2026 06:33:57 ] [var/site/cache/template/compiled/popup_class_menu-8f54ed9bfd3f96a2831931b24378c2fd.php]
[ Mar 03 2026 06:33:57 ] [var/site/cache/template/compiled/popup_bookmark_menu-ff3a54b07f9a8b4bd3f09316984481cb.php]
[ Mar 03 2026 06:33:57 ] [var/site/cache/template/compiled/oocontextsubmenu-9d5ae01aff0d39747166499e02162551.php]
[ Mar 03 2026 06:33:57 ] [var/site/cache/template/compiled/popup_sub_createhere_menu-ca1df0435daedbc831d041863d456b03.php]
[ Mar 03 2026 06:33:57 ] [var/site/cache/template/compiled/popup_sub_edit_menu-68253ff06abe573e3ae02d4ff0b7acb5.php]
[ Mar 03 2026 06:33:57 ] [var/site/cache/template/compiled/popup_sub_advance_menu-ac872751bdd9ffd4bbe85a833527ca39.php]
[ Mar 03 2026 06:33:57 ] [var/site/cache/template/compiled/popup_sub_editclass_menu-c973c9b2a57c3c2f8718746c5116f01f.php]
[ Mar 03 2026 06:33:57 ] [var/site/cache/template/compiled/popup_sub_siteaccess_menus-034828db4f64a901f4003e660d0910c3.php]
[ Mar 03 2026 06:33:57 ] [var/site/cache/template/compiled/debug_toolbar-2b1f7d88ad6a94f95957116b62dd7af8.php]
[ Mar 03 2026 06:33:57 ] [/var/www/vhosts/portfolio.se7enx.com/public_html/hackernews.portfolio.se7enx.com/lib/ezutils/classes/../../../var/cache/ini/contentstructuremenu-9b9681e9c34c030f8f4fcff1c0992a44.php]
[ Mar 03 2026 06:33:57 ] [var/site/cache/classidentifiers_0968810891971db8616ca23694603a01.php]
[ Mar 03 2026 06:33:57 ] [/var/www/vhosts/portfolio.se7enx.com/public_html/hackernews.portfolio.se7enx.com/lib/ezutils/classes/../../../var/cache/ini/design-d5dd9e6ff50d690658d53294a25792cd.php]
[ Mar 03 2026 06:33:57 ] [/var/www/vhosts/portfolio.se7enx.com/public_html/hackernews.portfolio.se7enx.com/lib/ezutils/classes/../../../var/cache/ini/ezjscore-98d0978111264568e13d16239653e877.php]
[ Mar 03 2026 06:33:57 ] [/var/www/vhosts/portfolio.se7enx.com/public_html/hackernews.portfolio.se7enx.com/lib/ezutils/classes/../../../var/cache/ini/image-3135477dcdd3115922a1741afe486185.php]
[ Mar 03 2026 06:33:57 ] [/var/www/vhosts/portfolio.se7enx.com/public_html/hackernews.portfolio.se7enx.com/lib/ezutils/classes/../../../var/cache/ini/icon-40cf7f038c081558a84e99cafe4d1404.php]
[ Mar 03 2026 06:33:57 ] [/var/www/vhosts/portfolio.se7enx.com/public_html/hackernews.portfolio.se7enx.com/lib/ezutils/classes/../../../var/cache/ini/icon-55aa278d87dfecf3e7dd4a6104af87aa.php]
[ Mar 03 2026 06:33:58 ] [/var/www/vhosts/portfolio.se7enx.com/public_html/hackernews.portfolio.se7enx.com/lib/ezutils/classes/../../../var/cache/ini/site-141db338c013734b1c9aaaa47c7de405.php]
[ Mar 03 2026 06:33:58 ] [/var/www/vhosts/portfolio.se7enx.com/public_html/hackernews.portfolio.se7enx.com/lib/ezutils/classes/../../../var/cache/ini/module-26e2c348c0f869c96836cf48ee1e0e7c.php]
[ Mar 03 2026 06:33:58 ] [/var/www/vhosts/portfolio.se7enx.com/public_html/hackernews.portfolio.se7enx.com/lib/ezutils/classes/../../../var/cache/ini/eng-US-2237a0c3dabb743f7133b6961b8563ee.php]
[ Mar 03 2026 06:33:58 ] [/var/www/vhosts/portfolio.se7enx.com/public_html/hackernews.portfolio.se7enx.com/lib/ezutils/classes/../../../var/cache/ini/template-3e347a492c387c9d003a62085edf75fe.php]
[ Mar 03 2026 06:33:58 ] [/var/www/vhosts/portfolio.se7enx.com/public_html/hackernews.portfolio.se7enx.com/lib/ezutils/classes/../../../var/cache/ini/file-80ad1a42d521c63db4c49a9a86b436d1.php]
[ Mar 03 2026 06:33:58 ] [/var/www/vhosts/portfolio.se7enx.com/public_html/hackernews.portfolio.se7enx.com/lib/ezutils/classes/../../../var/cache/ini/debug-e9360cede1fc6bb6f0ceb24b702c8cb1.php]
[ Mar 03 2026 06:33:58 ] [/var/www/vhosts/portfolio.se7enx.com/public_html/hackernews.portfolio.se7enx.com/lib/ezutils/classes/../../../var/cache/ini/owsimpleoperator-dac5ceefab6f1022166754e4eacfbf69.php]
[ Mar 03 2026 06:33:58 ] [/var/www/vhosts/portfolio.se7enx.com/public_html/hackernews.portfolio.se7enx.com/lib/ezutils/classes/../../../var/cache/ini/content-6aca09412c737dffbbbaef59ae9a465a.php]
[ Mar 03 2026 06:33:58 ] [/var/www/vhosts/portfolio.se7enx.com/public_html/hackernews.portfolio.se7enx.com/lib/ezutils/classes/../../../var/cache/ini/workflow-6fd2fd9a540095c683ca2fd054b4ce29.php]
[ Mar 03 2026 06:33:58 ] [/var/www/vhosts/portfolio.se7enx.com/public_html/hackernews.portfolio.se7enx.com/lib/ezutils/classes/../../../var/cache/ini/override-2c5ccdcab6b6a885b10c9c4c7eb36642.php]
[ Mar 03 2026 06:33:58 ] [/var/www/vhosts/portfolio.se7enx.com/public_html/hackernews.portfolio.se7enx.com/lib/ezutils/classes/../../../var/cache/ini/design-a01f917d1dd71e0c22686053b967e3ae.php]
[ Mar 03 2026 06:33:58 ] [var/site/cache/override/override_f5e0f84acba4871eb64d99bc636d587c.php]
[ Mar 03 2026 06:33:58 ] [var/site/cache/template/compiled/frontpage-e57b90f2a7258e4b80e39135fc346d22.php]
[ Mar 03 2026 06:33:58 ] [/var/www/vhosts/portfolio.se7enx.com/public_html/hackernews.portfolio.se7enx.com/lib/ezutils/classes/../../../var/cache/ini/ezxml-44e95bf951940a058589bb853b514811.php]
[ Mar 03 2026 06:33:58 ] [var/site/cache/template/compiled/ezxmltext-f3082e86d5121c26f6d0455dee6adc0e.php]
[ Mar 03 2026 06:33:58 ] [var/site/cache/template/compiled/paragraph-d7911cae4a683b248bc6b7f971016686.php]
[ Mar 03 2026 06:33:58 ] [var/site/cache/template/compiled/header-dc8088b832e92ec5721c687f2b90fc5c.php]
[ Mar 03 2026 06:33:58 ] [var/site/cache/template/compiled/link-a06905664ae809fc8431b7d828b43d93.php]
[ Mar 03 2026 06:33:58 ] [var/site/cache/template/compiled/li-b956754b2af697f488230804d7211ffe.php]
[ Mar 03 2026 06:33:58 ] [var/site/cache/template/compiled/emphasize-a2bb099166ac5ff0b88984a9dc7993bc.php]
[ Mar 03 2026 06:33:58 ] [var/site/cache/template/compiled/underline-5485baa88b3d682feee1e5a108f3ad08.php]
[ Mar 03 2026 06:33:58 ] [var/site/cache/template/compiled/ul-9088ac35aea60c052510332f31e793e5.php]
[ Mar 03 2026 06:33:59 ] [/var/www/vhosts/portfolio.se7enx.com/public_html/hackernews.portfolio.se7enx.com/lib/ezutils/classes/../../../var/cache/ini/menu-6f2ed1ea217a5a007c1cdc3362e6abac.php]
[ Mar 03 2026 06:33:59 ] [var/site/cache/template/compiled/pagelayout-8f7dee8783b49fc69bc796e99700777b.php]
[ Mar 03 2026 06:33:59 ] [var/site/cache/template/compiled/page_head_displaystyles-f442a8abc78cbab5ac9d378fde102355.php]
[ Mar 03 2026 06:33:59 ] [var/site/cache/template/compiled/page_head-3a0160ee902d0b197f6e4b43d8950044.php]
[ Mar 03 2026 06:33:59 ] [/var/www/vhosts/portfolio.se7enx.com/public_html/hackernews.portfolio.se7enx.com/lib/ezutils/classes/../../../var/cache/ini/xrowmetadata-997fd9cad235047f5df2ddd0b4f89df7.php]
[ Mar 03 2026 06:33:59 ] [var/site/cache/template/compiled/link-2c86c70a58d814cae825ed7cdbd8bb24.php]
[ Mar 03 2026 06:33:59 ] [var/site/cache/template/compiled/page_head_style-2a925f57e05fa694ce2ddd16d7c21627.php]
[ Mar 03 2026 06:33:59 ] [/var/www/vhosts/portfolio.se7enx.com/public_html/hackernews.portfolio.se7enx.com/lib/ezutils/classes/../../../var/cache/ini/ezjscore-06b8de9d49f3c0792ff62d16cc7558dc.php]
[ Mar 03 2026 06:33:59 ] [var/site/cache/template/compiled/page_head_script-cb1201131be46050698f3d427885dd20.php]
[ Mar 03 2026 06:33:59 ] [var/site/cache/template/compiled/page_header-d29999b5b4742b641fbf0070b4c10953.php]
[ Mar 03 2026 06:33:59 ] [var/site/cache/template/compiled/dropdown-c51525181fb826cad0f6f63a7012ccd8.php]
[ Mar 03 2026 06:33:59 ] [var/site/cache/template/compiled/page_footer-0122f91c9a91856a07cf81759944b466.php]
[ Mar 03 2026 06:33:59 ] [var/site/cache/template/compiled/path-50a737ec86375fa01a4338fd0d9032eb.php]
[ Mar 03 2026 06:33:59 ] [/var/www/vhosts/portfolio.se7enx.com/public_html/hackernews.portfolio.se7enx.com/lib/ezutils/classes/../../../var/cache/ini/bcwebsitestatistics-c534ec433ed7671323870ed2febd9ce7.php]
[ Mar 03 2026 06:33:59 ] [var/site/cache/template/compiled/debug_toolbar-d8bf50dbd612351c42458e576fee0456.php]
[ Mar 03 2026 06:33:59 ] [var/site/cache/template/compiled/clear_cache-1c7d1b20fd9b450affe65a6bd6b208f3.php]
[ Mar 03 2026 06:33:59 ] [var/site/cache/template/compiled/quick_settings-6f569d8b85d3fe3cf3e08509c071a92c.php]
[ Mar 03 2026 06:33:59 ] [/var/www/vhosts/portfolio.se7enx.com/public_html/hackernews.portfolio.se7enx.com/lib/ezutils/classes/../../../var/cache/ini/site-1127a05ff36a088a94ddea75806a632e.php]
[ Mar 03 2026 06:35:06 ] [/var/www/vhosts/portfolio.se7enx.com/public_html/hackernews.portfolio.se7enx.com/lib/ezutils/classes/../../../var/cache/ini/menu-7d4d5e7bab5f55e300d056c8b7109fe2.php]
[ Mar 03 2026 06:35:06 ] [/var/www/vhosts/portfolio.se7enx.com/public_html/hackernews.portfolio.se7enx.com/lib/ezutils/classes/../../../var/cache/ini/design-db1e42f3f984083f886ea267635bc79c.php]
[ Mar 03 2026 06:35:06 ] [/var/www/vhosts/portfolio.se7enx.com/public_html/hackernews.portfolio.se7enx.com/lib/ezutils/classes/../../../var/cache/ini/xrowmetadata-fb1d6749f2d74f898ea954e8b8df78d6.php]
[ Mar 03 2026 06:35:06 ] [/var/www/vhosts/portfolio.se7enx.com/public_html/hackernews.portfolio.se7enx.com/lib/ezutils/classes/../../../var/cache/ini/ezjscore-7860ba9ab9a7353da020e3ed91a39c26.php]
[ Mar 03 2026 06:35:06 ] [/var/www/vhosts/portfolio.se7enx.com/public_html/hackernews.portfolio.se7enx.com/lib/ezutils/classes/../../../var/cache/ini/bcwebsitestatistics-3cb2c6602aa47ea5e9c602850bce268e.php]
[ Mar 03 2026 06:35:37 ] [/var/www/vhosts/portfolio.se7enx.com/public_html/hackernews.portfolio.se7enx.com/lib/ezutils/classes/../../../var/cache/ini/site-b1c8d4a8192adff4e7c543b06258e996.php]
[ Mar 03 2026 06:35:37 ] [/var/www/vhosts/portfolio.se7enx.com/public_html/hackernews.portfolio.se7enx.com/lib/ezutils/classes/../../../var/cache/ini/module-37f6ef690c7c4b1f8c14f0724c46ced9.php]
[ Mar 03 2026 06:35:37 ] [/var/www/vhosts/portfolio.se7enx.com/public_html/hackernews.portfolio.se7enx.com/lib/ezutils/classes/../../../var/cache/ini/eng-US-2b54e39f7ec7110bbf9440010eacf8cb.php]
[ Mar 03 2026 06:35:37 ] [/var/www/vhosts/portfolio.se7enx.com/public_html/hackernews.portfolio.se7enx.com/lib/ezutils/classes/../../../var/cache/ini/file-de21129cf5df8255e73bca81dfb2bbd5.php]
[ Mar 03 2026 06:35:37 ] [/var/www/vhosts/portfolio.se7enx.com/public_html/hackernews.portfolio.se7enx.com/lib/ezutils/classes/../../../var/cache/ini/debug-3e0b5c9472eed7907f0e913acd22c2c8.php]
[ Mar 03 2026 06:35:37 ] [/var/www/vhosts/portfolio.se7enx.com/public_html/hackernews.portfolio.se7enx.com/lib/ezutils/classes/../../../var/cache/ini/template-f4d110b6b4595a2e31b1463ca2c5a30d.php]
[ Mar 03 2026 06:35:37 ] [/var/www/vhosts/portfolio.se7enx.com/public_html/hackernews.portfolio.se7enx.com/lib/ezutils/classes/../../../var/cache/ini/owsimpleoperator-1737694dd98ca31a0c6ead2a40749b7e.php]
[ Mar 03 2026 06:35:37 ] [/var/www/vhosts/portfolio.se7enx.com/public_html/hackernews.portfolio.se7enx.com/lib/ezutils/classes/../../../var/cache/ini/content-999d2f552175362c357a610649cd01b9.php]
[ Mar 03 2026 06:35:37 ] [/var/www/vhosts/portfolio.se7enx.com/public_html/hackernews.portfolio.se7enx.com/lib/ezutils/classes/../../../var/cache/ini/workflow-dd04f314fd28ba142a3a72683df040bd.php]
[ Mar 03 2026 06:35:37 ] [/var/www/vhosts/portfolio.se7enx.com/public_html/hackernews.portfolio.se7enx.com/lib/ezutils/classes/../../../var/cache/ini/override-d1d589a012e0d46154b6f18f0ae15662.php]
[ Mar 03 2026 06:35:37 ] [/var/www/vhosts/portfolio.se7enx.com/public_html/hackernews.portfolio.se7enx.com/lib/ezutils/classes/../../../var/cache/ini/design-b2b66605972abbcdd9b319f12bde0e6e.php]
[ Mar 03 2026 06:35:37 ] [var/site/cache/override/override_4e9c8b3f7c81ea1c4a0a74233adee196.php]
[ Mar 03 2026 06:35:37 ] [var/site/cache/template/compiled/folder-7be9ffed4fdc261176f492c1739360c3.php]
[ Mar 03 2026 06:35:37 ] [var/site/cache/template/compiled/ezstring-4857c18b7b661021f11d2dd73b073a85.php]
[ Mar 03 2026 06:35:37 ] [/var/www/vhosts/portfolio.se7enx.com/public_html/hackernews.portfolio.se7enx.com/lib/ezutils/classes/../../../var/cache/ini/ezxml-96bdeac596e4968db258326af41c30d6.php]
[ Mar 03 2026 06:35:37 ] [var/site/cache/template/compiled/ezxmltext-8e2f92c7e74e431aedf988bc053230e0.php]
[ Mar 03 2026 06:35:37 ] [var/site/cache/template/compiled/paragraph-dc641bc2e0a2fa6774cc3d7c494fb22b.php]
[ Mar 03 2026 06:35:37 ] [var/site/cache/template/compiled/strong-793e7ed8bb6e60e5f0078f60fc7d3c8d.php]
[ Mar 03 2026 06:35:37 ] [var/site/cache/template/compiled/link-fca9314726a34148088d354703034104.php]
[ Mar 03 2026 06:35:37 ] [var/site/cache/template/compiled/google-e86a947a831075deac06f3c72e01f3a7.php]
[ Mar 03 2026 06:35:37 ] [/var/www/vhosts/portfolio.se7enx.com/public_html/hackernews.portfolio.se7enx.com/lib/ezutils/classes/../../../var/cache/ini/menu-64dd38572e16309fc03e2f79ae665b43.php]
[ Mar 03 2026 06:35:37 ] [var/site/cache/template/compiled/pagelayout-74eef27f806b8974aa37539986a698d7.php]
[ Mar 03 2026 06:35:37 ] [var/site/cache/template/compiled/page_head_displaystyles-f1d4f49f98b71b2f3d4c02895cd326e4.php]
[ Mar 03 2026 06:35:37 ] [var/site/cache/template/compiled/page_head-62d9c826801d8981afc690c34418ab36.php]
[ Mar 03 2026 06:35:37 ] [/var/www/vhosts/portfolio.se7enx.com/public_html/hackernews.portfolio.se7enx.com/lib/ezutils/classes/../../../var/cache/ini/xrowmetadata-71e7bfaccd51ec8ec2db837dd18e5f73.php]
[ Mar 03 2026 06:35:37 ] [var/site/cache/template/compiled/link-9d35a85a0ff452bf28db8704bf2214eb.php]
[ Mar 03 2026 06:35:37 ] [var/site/cache/template/compiled/page_head_style-73313536c5a5e01ed21b7c858b3ece98.php]
[ Mar 03 2026 06:35:37 ] [/var/www/vhosts/portfolio.se7enx.com/public_html/hackernews.portfolio.se7enx.com/lib/ezutils/classes/../../../var/cache/ini/ezjscore-c2ea1dbba60fcc50ceae3bcfb4507b2e.php]
[ Mar 03 2026 06:35:37 ] [var/site/cache/template/compiled/page_head_script-d508608c067a56801b780b383d4119cc.php]
[ Mar 03 2026 06:35:37 ] [var/site/cache/template/compiled/page_header-ce065152cbfa47862fa11616c68ad8e5.php]
[ Mar 03 2026 06:35:37 ] [var/site/cache/template/compiled/dropdown-79624fe58c00b27cb258116dedd932cd.php]
[ Mar 03 2026 06:35:37 ] [var/site/cache/template/compiled/page_footer-c307196c2653933212eeb839c1f0f819.php]
[ Mar 03 2026 06:35:37 ] [var/site/cache/template/compiled/path-a6eaffff7ebf4cca7a755725f584489c.php]
[ Mar 03 2026 06:35:37 ] [/var/www/vhosts/portfolio.se7enx.com/public_html/hackernews.portfolio.se7enx.com/lib/ezutils/classes/../../../var/cache/ini/bcwebsitestatistics-ea6954d455e53950a15c089e80e4940c.php]
[ Mar 03 2026 06:35:37 ] [var/site/cache/template/compiled/debug_toolbar-96744d7df4fed7d1e765f4d4d94b390c.php]
[ Mar 03 2026 06:35:37 ] [var/site/cache/template/compiled/clear_cache-5fcd1f072336ba7bfe79d66b1c98a58e.php]
[ Mar 03 2026 06:35:37 ] [var/site/cache/template/compiled/quick_settings-fd5a5bf68720e720d12f4798890ed7f8.php]
[ Mar 03 2026 06:35:37 ] [/var/www/vhosts/portfolio.se7enx.com/public_html/hackernews.portfolio.se7enx.com/lib/ezutils/classes/../../../var/cache/ini/site-aadd1012771e9ace1723875162c2023e.php]
[ Mar 03 2026 06:36:02 ] [/var/www/vhosts/portfolio.se7enx.com/public_html/hackernews.portfolio.se7enx.com/lib/ezutils/classes/../../../var/cache/ini/cronjob-e4269c07a858289f6260d63316118c4a.php]
[ Mar 03 2026 06:36:02 ] [/var/www/vhosts/portfolio.se7enx.com/public_html/hackernews.portfolio.se7enx.com/lib/ezutils/classes/../../../var/cache/ini/notification-5bd7d4ae429bd6a563f6402fe6eb3f72.php]
[ Mar 03 2026 06:36:02 ] [/var/www/vhosts/portfolio.se7enx.com/public_html/hackernews.portfolio.se7enx.com/lib/ezutils/classes/../../../var/cache/ini/design-d21485edf5f50b00b3b28b56feee9549.php]
[ Mar 03 2026 06:36:02 ] [var/site/cache/template/compiled/plain-6099d18dcfcb6f0eb2d69769909aae4e.php]
[ Mar 03 2026 06:36:12 ] [/var/www/vhosts/portfolio.se7enx.com/public_html/hackernews.portfolio.se7enx.com/lib/ezutils/classes/../../../var/cache/ini/collect-394f6853cdacf18520d929479f39e3a4.php]
[ Mar 03 2026 06:36:12 ] [var/site/cache/template/compiled/story-6af75bbabc0efe08d47acaf17d1c265f.php]
[ Mar 03 2026 06:36:12 ] [var/site/cache/template/compiled/ezdiggboxoption-1e4cb5c91f86cf83e436cce8833f85aa.php]
[ Mar 03 2026 06:36:12 ] [/var/www/vhosts/portfolio.se7enx.com/public_html/hackernews.portfolio.se7enx.com/lib/ezutils/classes/../../../var/cache/ini/i18n-6af1d17d2a019caea1d1b26f79be2fb9.php]
[ Mar 03 2026 06:36:12 ] [/var/www/vhosts/portfolio.se7enx.com/public_html/hackernews.portfolio.se7enx.com/lib/ezutils/classes/../../../var/cache/ini/menu-bf7e88a80bfa0cb2af94a443d146e64b.php]
[ Mar 03 2026 06:36:12 ] [/var/www/vhosts/portfolio.se7enx.com/public_html/hackernews.portfolio.se7enx.com/lib/ezutils/classes/../../../var/cache/ini/xrowmetadata-ee807b6ffb090c3c95dcffe036031373.php]
[ Mar 03 2026 06:36:12 ] [/var/www/vhosts/portfolio.se7enx.com/public_html/hackernews.portfolio.se7enx.com/lib/ezutils/classes/../../../var/cache/ini/ezjscore-f887468848ace7c3a79bfd7d0adfaf6b.php]
[ Mar 03 2026 06:36:12 ] [/var/www/vhosts/portfolio.se7enx.com/public_html/hackernews.portfolio.se7enx.com/lib/ezutils/classes/../../../var/cache/ini/bcwebsitestatistics-f812b7165e965de37a593d09ac79c1f1.php]
[ Mar 03 2026 06:36:12 ] [var/site/cache/template/compiled/topstories-f1ff2823f591803158d8c7212ecd4519.php]
[ Mar 03 2026 06:36:12 ] [/var/www/vhosts/portfolio.se7enx.com/public_html/hackernews.portfolio.se7enx.com/lib/ezutils/classes/../../../var/cache/ini/ezxml-206ad5fa267d4f2d96f85e95e9239604.php]
[ Mar 03 2026 06:36:13 ] [var/site/cache/template/compiled/story-28ce5526878ccf1911475287b39ea36b.php]
[ Mar 03 2026 06:36:13 ] [var/site/cache/template/compiled/separator-7cbbc3e1ed4206b055b9d190142c1437.php]
[ Mar 03 2026 06:36:13 ] [var/site/cache/template/compiled/line-9f5ac76563da0e1aad1b67a83fdd1bb5.php]
[ Mar 03 2026 06:36:23 ] [/var/www/vhosts/portfolio.se7enx.com/public_html/hackernews.portfolio.se7enx.com/lib/ezutils/classes/../../../var/cache/ini/transform-8fc07645b5facfbbe8cd2d7693c91812.php]
[ Mar 03 2026 06:36:23 ] [var/site/cache/codepages/36e48c5d322c489dd3ee4e51ffda1494.php]
[ Mar 03 2026 06:36:23 ] [var/site/cache/trans/g-lowercase-635518252-utf-8.ctt.php]
[ Mar 03 2026 06:36:23 ] [var/site/cache/template/compiled/edit-2b24a94d95efd60b87d66c3372f752e1.php]
[ Mar 03 2026 06:36:23 ] [/var/www/vhosts/portfolio.se7enx.com/public_html/hackernews.portfolio.se7enx.com/lib/ezutils/classes/../../../var/cache/ini/admininterface-f84c62a49d44e8a209ad19cfcf39a980.php]
[ Mar 03 2026 06:36:23 ] [var/site/cache/template/compiled/edit_menu-cf6b22c04147d6420882ca9f7d90d14a.php]
[ Mar 03 2026 06:36:23 ] [var/site/cache/template/compiled/object_information-d6f396e682a834f6345d3aebde37d524.php]
[ Mar 03 2026 06:36:23 ] [var/site/cache/template/compiled/edit_sections-379a00b4070457b87f4c5e2fe317b082.php]
[ Mar 03 2026 06:36:23 ] [var/site/cache/template/compiled/edit_states-27f3851705ccb96e490595de2279ec4b.php]
[ Mar 03 2026 06:36:23 ] [var/site/cache/template/compiled/edit_validation-22a46225f9fe0ff6fd93534f30ee46c7.php]
[ Mar 03 2026 06:36:23 ] [/var/www/vhosts/portfolio.se7enx.com/public_html/hackernews.portfolio.se7enx.com/lib/ezutils/classes/../../../var/cache/ini/icon-e81472b721c9694e0db5879323e49c9d.php]
[ Mar 03 2026 06:36:23 ] [/var/www/vhosts/portfolio.se7enx.com/public_html/hackernews.portfolio.se7enx.com/lib/ezutils/classes/../../../var/cache/ini/autosave-f6483a8ac57f9a36e6763b462e2db690.php]
[ Mar 03 2026 06:36:23 ] [var/site/cache/template/compiled/autosave-76cc80285a709adce87369313ade18fd.php]
[ Mar 03 2026 06:36:23 ] [var/site/cache/template/compiled/edit_attribute-3fe9231124ef8f32d57fbfa02fa490ac.php]
[ Mar 03 2026 06:36:23 ] [/var/www/vhosts/portfolio.se7enx.com/public_html/hackernews.portfolio.se7enx.com/lib/ezutils/classes/../../../var/cache/ini/datatype-295dc41e2a628e5feaeab307564fcf09.php]
[ Mar 03 2026 06:36:23 ] [var/site/cache/template/compiled/ezstring-5870dd33cf6c621a5af178a82c9b5215.php]
[ Mar 03 2026 06:36:23 ] [var/site/cache/template/compiled/ezobjectrelation-8d829921375c0449f6f46302648cf94b.php]
[ Mar 03 2026 06:36:23 ] [var/site/cache/template/compiled/ezobjectrelation_ajaxuploader-026e465d416e5e70ad040901db0690b7.php]
[ Mar 03 2026 06:36:23 ] [var/site/cache/template/compiled/ezobjectrelation_ajax_search-94c3f911fe3224e5e049923270d74850.php]
[ Mar 03 2026 06:36:23 ] [/var/www/vhosts/portfolio.se7enx.com/public_html/hackernews.portfolio.se7enx.com/lib/ezutils/classes/../../../var/cache/ini/ezxml-3842682f3d5a8d386cfe850466412027.php]
[ Mar 03 2026 06:36:23 ] [var/site/cache/template/compiled/ezxmltext_ezoe-f876ff653b180d1b6a31a6d3a2e897bc.php]
[ Mar 03 2026 06:36:23 ] [/var/www/vhosts/portfolio.se7enx.com/public_html/hackernews.portfolio.se7enx.com/lib/ezutils/classes/../../../var/cache/ini/ezoe-4b5d5da0aba930a8c0ee1b1160476265.php]
[ Mar 03 2026 06:36:23 ] [var/site/cache/template/compiled/ezkeyword-1b2e6a67d1b76a4197e599b66865c449.php]
[ Mar 03 2026 06:36:23 ] [/var/www/vhosts/portfolio.se7enx.com/public_html/hackernews.portfolio.se7enx.com/lib/ezutils/classes/../../../var/cache/ini/xrowmetadata-9f23a6390e4079ea7a1f6a7921e6b64e.php]
[ Mar 03 2026 06:36:23 ] [var/site/cache/template/compiled/xrowmetadata-425fe5591d1a519a9e358e72bdc27fad.php]
[ Mar 03 2026 06:36:23 ] [/var/www/vhosts/portfolio.se7enx.com/public_html/hackernews.portfolio.se7enx.com/lib/ezutils/classes/../../../var/cache/ini/units-abbf17cc53c5a262de5e6d1638f5bfd5.php]
[ Mar 03 2026 06:36:23 ] [var/site/cache/template/compiled/edit_relations-d6ded4c970275b90b851bda4f4d7bb49.php]
[ Mar 03 2026 06:36:23 ] [/var/www/vhosts/portfolio.se7enx.com/public_html/hackernews.portfolio.se7enx.com/lib/ezutils/classes/../../../var/cache/ini/menu-ea8d4329083c0001f9ac65c87dbbd121.php]
[ Mar 03 2026 06:36:55 ] [var/site/cache/template/compiled/tag_link-778d4233f448da516a318e557281df86.php]
[ Mar 03 2026 06:36:55 ] [/var/www/vhosts/portfolio.se7enx.com/public_html/hackernews.portfolio.se7enx.com/lib/ezutils/classes/../../../var/cache/ini/i18n-b132ce7f7aa2815cf5904313dbc5df99.php]
[ Mar 03 2026 06:36:55 ] [var/site/cache/template/compiled/generalattributes-36397b75ff746ab7cdcdf4d02d04be1d.php]
[ Mar 03 2026 06:36:55 ] [/var/www/vhosts/portfolio.se7enx.com/public_html/hackernews.portfolio.se7enx.com/lib/ezutils/classes/../../../var/cache/ini/ezoe_attributes-dfcdd9fdd3eea96eea4ca28913b4df6c.php]
[ Mar 03 2026 06:36:55 ] [var/site/cache/template/compiled/link-50c3465b70d1bfe74a889716c7024391.php]
[ Mar 03 2026 06:36:55 ] [var/site/cache/template/compiled/box_search-a5a5427d05912ee8289434bbdb1559fe.php]
[ Mar 03 2026 06:36:55 ] [var/site/cache/template/compiled/box_browse-c8f36dc2a9333b7016d7dd41575a2d77.php]
[ Mar 03 2026 06:36:55 ] [var/site/cache/template/compiled/box_bookmarks-4c85733cccdc64e4fb56967dcad28933.php]
[ Mar 03 2026 06:36:55 ] [var/site/cache/template/compiled/select-52758d16f895bfcde84701eaab235340.php]
[ Mar 03 2026 06:36:55 ] [var/site/cache/template/compiled/text-bbfc48e07c016690705f5b3881be077d.php]
[ Mar 03 2026 06:36:55 ] [var/site/cache/template/compiled/customattributes-d7c502bdf2ffa95139ecd0d0bf0d7bd1.php]
[ Mar 03 2026 06:36:55 ] [var/site/cache/template/compiled/popup_pagelayout-0de3bf211a24ff3e26c3d34e8622cc35.php]
[ Mar 03 2026 06:36:55 ] [var/site/cache/template/compiled/debug_toolbar-bff71aa0ed21a39433c36404aadee42a.php]
[ Mar 03 2026 06:36:55 ] [var/site/cache/template/compiled/clear_cache-e508ae92ff5f4e6d97b15f7cce33377e.php]
[ Mar 03 2026 06:36:55 ] [var/site/cache/template/compiled/quick_settings-f47934cf22f51a088e34e49c5931e4f5.php]
[ Mar 03 2026 06:36:55 ] [/var/www/vhosts/portfolio.se7enx.com/public_html/hackernews.portfolio.se7enx.com/lib/ezutils/classes/../../../var/cache/ini/wordmatch-9d37d5101dee39a9fe6ef9e3ff43f469.php]
[ Mar 03 2026 06:36:55 ] [var/site/cache/classattributeidentifiers_0968810891971db8616ca23694603a01.php]
[ Mar 03 2026 06:36:55 ] [/var/www/vhosts/portfolio.se7enx.com/public_html/hackernews.portfolio.se7enx.com/lib/ezutils/classes/../../../var/cache/ini/site-27fadd7d51da9dd698a7f5c501280600.php]
[ Mar 03 2026 06:36:55 ] [/var/www/vhosts/portfolio.se7enx.com/public_html/hackernews.portfolio.se7enx.com/lib/ezutils/classes/../../../var/cache/ini/site-645bb23f653494975d5f4a66adedef70.php]
[ Mar 03 2026 06:36:55 ] [var/site/cache/template/compiled/ajax_preview-5d3ac915d95dfec6f454b24356d1afdb.php]
[ Mar 03 2026 06:37:17 ] [var/site/cache/template/compiled/collectionlist-1a4dde8155e85f82dd396f7f6903690b.php]
[ Mar 03 2026 06:37:51 ] [var/site/cache/trans/g-urlalias_compat-289587731-utf-8.ctt.php]
[ Mar 03 2026 06:37:52 ] [/var/www/vhosts/portfolio.se7enx.com/public_html/hackernews.portfolio.se7enx.com/lib/ezutils/classes/../../../var/cache/ini/viewcache-c466be88ffb98871776d2e4a58dabadc.php]
[ Mar 03 2026 06:37:52 ] [var/site/cache/trans/g-search-1924056142-utf-8.ctt.php]
[ Mar 03 2026 06:37:52 ] [/var/www/vhosts/portfolio.se7enx.com/public_html/hackernews.portfolio.se7enx.com/lib/ezutils/classes/../../../var/cache/ini/notification-14ea1b6169ca832d5ecfccc9da4bca22.php]
[ Mar 03 2026 06:38:08 ] [var/site/cache/template/compiled/ezxmltext-8328aa67fbf1db82cba013fd58c33c77.php]
[ Mar 03 2026 06:38:08 ] [var/site/cache/template/compiled/paragraph-4365a497e8be979aa695371a83c2432a.php]
[ Mar 03 2026 06:38:08 ] [var/site/cache/template/compiled/strong-e446a42fb4e56e75a91516744bce4f3c.php]
[ Mar 03 2026 06:38:08 ] [var/site/cache/template/compiled/link-92c5fc94ec0e2efc808dd45e96b67201.php]
[ Mar 03 2026 06:38:12 ] [var/site/cache/template/compiled/ezboolean-093a6fdaa7acd76083f3b68469e353ab.php]
[ Mar 03 2026 06:38:12 ] [var/site/cache/template/compiled/ezdatetime-996054ba26dc3980b0e204b1f25113d0.php]
[ Mar 03 2026 06:40:17 ] [/var/www/vhosts/portfolio.se7enx.com/public_html/hackernews.portfolio.se7enx.com/lib/ezutils/classes/../../../var/cache/ini/texttoimage-e787aa6d0e0c397b380bca66007d42c1.php]
[ Mar 03 2026 06:40:17 ] [/var/www/vhosts/portfolio.se7enx.com/public_html/hackernews.portfolio.se7enx.com/lib/ezutils/classes/../../../var/cache/ini/template-a0ee021e2ada56f07f13c3c502b5ebae.php]
[ Mar 03 2026 06:40:17 ] [/var/www/vhosts/portfolio.se7enx.com/public_html/hackernews.portfolio.se7enx.com/lib/ezutils/classes/../../../var/cache/ini/site-c1623af31c16fc3ffee5a05097e95dd6.php]
[ Mar 03 2026 06:40:17 ] [/var/www/vhosts/portfolio.se7enx.com/public_html/hackernews.portfolio.se7enx.com/lib/ezutils/classes/../../../var/cache/ini/i18n-678d2accc237fa9079b9b3abc491748f.php]
[ Mar 03 2026 06:40:17 ] [/var/www/vhosts/portfolio.se7enx.com/public_html/hackernews.portfolio.se7enx.com/lib/ezutils/classes/../../../var/cache/ini/i18n-f7061ade0fe840d15a8c81f654b48eb1.php]
[ Mar 03 2026 06:40:17 ] [/var/www/vhosts/portfolio.se7enx.com/public_html/hackernews.portfolio.se7enx.com/lib/ezutils/classes/../../../var/cache/ini/error-b8604e413b2270f7c9d6401494886ba3.php]
[ Mar 03 2026 06:40:17 ] [/var/www/vhosts/portfolio.se7enx.com/public_html/hackernews.portfolio.se7enx.com/lib/ezutils/classes/../../../var/cache/ini/file-33c0d0b2750379ea6bbc0a7c3b47cab4.php]
[ Mar 03 2026 06:40:17 ] [/var/www/vhosts/portfolio.se7enx.com/public_html/hackernews.portfolio.se7enx.com/lib/ezutils/classes/../../../var/cache/ini/debug-30b58d57277a91a861853a35747eb10e.php]
[ Mar 03 2026 06:40:17 ] [var/cache//active_extensions_0bb315b1c55c3b5732600994ac1581c6.php]
[ Mar 03 2026 06:40:17 ] [/var/www/vhosts/portfolio.se7enx.com/public_html/hackernews.portfolio.se7enx.com/lib/ezutils/classes/../../../var/cache/ini/site-37309f306efbe0c43b97a0c0f9015735.php]
[ Mar 03 2026 06:40:17 ] [/var/www/vhosts/portfolio.se7enx.com/public_html/hackernews.portfolio.se7enx.com/lib/ezutils/classes/../../../var/cache/ini/template-f259b4628371e14f67092ab4a75547a8.php]
[ Mar 03 2026 06:40:17 ] [/var/www/vhosts/portfolio.se7enx.com/public_html/hackernews.portfolio.se7enx.com/lib/ezutils/classes/../../../var/cache/ini/site-9b5603c0198d3c8097291f729dc78312.php]
[ Mar 03 2026 06:40:17 ] [/var/www/vhosts/portfolio.se7enx.com/public_html/hackernews.portfolio.se7enx.com/lib/ezutils/classes/../../../var/cache/ini/module-2e32e8dfea9cc75c17a84889b1dce910.php]
[ Mar 03 2026 06:40:17 ] [/var/www/vhosts/portfolio.se7enx.com/public_html/hackernews.portfolio.se7enx.com/lib/ezutils/classes/../../../var/cache/ini/file-db5aaa0a41263b3c9d667a8f9426e37f.php]
[ Mar 03 2026 06:40:17 ] [/var/www/vhosts/portfolio.se7enx.com/public_html/hackernews.portfolio.se7enx.com/lib/ezutils/classes/../../../var/cache/ini/debug-1fbbc2ed60a0ac2b34e923fd651d3130.php]
[ Mar 03 2026 06:40:17 ] [/var/www/vhosts/portfolio.se7enx.com/public_html/hackernews.portfolio.se7enx.com/lib/ezutils/classes/../../../var/cache/ini/eng-US-18a7457266ff97d1b7661b425a210b49.php]
[ Mar 03 2026 06:40:17 ] [var/site/cache/statelimitations_0968810891971db8616ca23694603a01.php]
[ Mar 03 2026 06:40:17 ] [/var/www/vhosts/portfolio.se7enx.com/public_html/hackernews.portfolio.se7enx.com/lib/ezutils/classes/../../../var/cache/ini/owsimpleoperator-82829e8423e07bbca627f4ca31acbdcb.php]
[ Mar 03 2026 06:40:17 ] [/var/www/vhosts/portfolio.se7enx.com/public_html/hackernews.portfolio.se7enx.com/lib/ezutils/classes/../../../var/cache/ini/content-77c1ab242f5caa1b5bb6869306125d86.php]
[ Mar 03 2026 06:40:17 ] [/var/www/vhosts/portfolio.se7enx.com/public_html/hackernews.portfolio.se7enx.com/lib/ezutils/classes/../../../var/cache/ini/workflow-a57b16fec8b212bb27bd47a8f43bd919.php]
[ Mar 03 2026 06:40:17 ] [/var/www/vhosts/portfolio.se7enx.com/public_html/hackernews.portfolio.se7enx.com/lib/ezutils/classes/../../../var/cache/ini/override-2f44d12306ef03f626914be15797233e.php]
[ Mar 03 2026 06:40:17 ] [/var/www/vhosts/portfolio.se7enx.com/public_html/hackernews.portfolio.se7enx.com/lib/ezutils/classes/../../../var/cache/ini/design-7bfc21d39e56a145d7cdf253aeddf52f.php]
[ Mar 03 2026 06:40:17 ] [var/site/cache/override/override_9e89f624fd37ea275d283cd58ebc10af.php]
[ Mar 03 2026 06:40:17 ] [var/site/cache/template/compiled/common.php]
[ Mar 03 2026 06:40:17 ] [var/site/cache/template/compiled/full-3a07aa27d93c4d5b42a4fd527c9645bd.php]
[ Mar 03 2026 06:40:17 ] [var/site/cache/template/compiled/infocollection_validation-072fdf8be59d79cfbe9df0fcd2308238.php]
[ Mar 03 2026 06:40:17 ] [/var/www/vhosts/portfolio.se7enx.com/public_html/hackernews.portfolio.se7enx.com/lib/ezutils/classes/../../../var/cache/ini/icon-f1a3a9960a3ada2d16596f8733bffd48.php]
[ Mar 03 2026 06:40:17 ] [/var/www/vhosts/portfolio.se7enx.com/public_html/hackernews.portfolio.se7enx.com/lib/ezutils/classes/../../../var/cache/ini/icon-a901a0025ebe79751ee161c20b5f4b21.php]
[ Mar 03 2026 06:40:17 ] [/var/www/vhosts/portfolio.se7enx.com/public_html/hackernews.portfolio.se7enx.com/lib/ezutils/classes/../../../var/cache/ini/icon-c74ea1066eab71a0bd3c9b3dda7e3b7e.php]
[ Mar 03 2026 06:40:17 ] [/var/www/vhosts/portfolio.se7enx.com/public_html/hackernews.portfolio.se7enx.com/lib/ezutils/classes/../../../var/cache/ini/admininterface-eb279a02b4dddad63d2c92a1530a1566.php]
[ Mar 03 2026 06:40:17 ] [var/site/cache/template/compiled/window_controls-931f7b6f48a8b7f6dcf6092de259e48d.php]
[ Mar 03 2026 06:40:17 ] [var/site/cache/template/compiled/window_controls_extratabs-ce5022b82b1d48da38e4e56183bbb50f.php]
[ Mar 03 2026 06:40:17 ] [var/site/cache/template/compiled/windows-eb70f0473f9d5331aa0b3ca19d7091c0.php]
[ Mar 03 2026 06:40:17 ] [var/site/cache/template/compiled/preview-c20110da8eeeb5e3ddeba9c80e05b7d3.php]
[ Mar 03 2026 06:40:17 ] [var/site/cache/template/compiled/folder-abdb86088b89c7159a119f21fe40aeba.php]
[ Mar 03 2026 06:40:17 ] [var/site/cache/classidentifiers_0968810891971db8616ca23694603a01.php]
[ Mar 03 2026 06:40:17 ] [/var/www/vhosts/portfolio.se7enx.com/public_html/hackernews.portfolio.se7enx.com/lib/ezutils/classes/../../../var/cache/ini/ezxml-7541fef863170b58c439b181ba8de3f6.php]
[ Mar 03 2026 06:40:17 ] [var/site/cache/template/compiled/ezxmltext-8328aa67fbf1db82cba013fd58c33c77.php]
[ Mar 03 2026 06:40:17 ] [var/site/cache/template/compiled/paragraph-4365a497e8be979aa695371a83c2432a.php]
[ Mar 03 2026 06:40:17 ] [var/site/cache/template/compiled/details-c2702d55d25e18cc6d3e17f8dfd041b8.php]
[ Mar 03 2026 06:40:17 ] [var/site/cache/template/compiled/translations-7ca41ff46de317f1411579cbbff27b50.php]
[ Mar 03 2026 06:40:17 ] [var/site/cache/template/compiled/locations-77799c31a33580e7c5ff03d4c9160e74.php]
[ Mar 03 2026 06:40:17 ] [var/site/cache/template/compiled/relations-2de37bf270725eab385f25137e4384d1.php]
[ Mar 03 2026 06:40:17 ] [var/site/cache/template/compiled/google-f4f16a0f6d74d11b78a068fa8ad573d6.php]
[ Mar 03 2026 06:40:17 ] [var/site/cache/template/compiled/ordering-a90e7692f92cf5b6fa7ddecee7ffaf80.php]
[ Mar 03 2026 06:40:17 ] [var/site/cache/template/compiled/windows_extratabs-f0f4b7b2bbb41c80194917356768a665.php]
[ Mar 03 2026 06:40:17 ] [var/site/cache/template/compiled/children-5a723d7075f839b8293f237c7803495a.php]
[ Mar 03 2026 06:40:17 ] [var/site/cache/template/compiled/children_detailed-e429013c4deed5754f5e9afc012574df.php]
[ Mar 03 2026 06:40:17 ] [/var/www/vhosts/portfolio.se7enx.com/public_html/hackernews.portfolio.se7enx.com/lib/ezutils/classes/../../../var/cache/ini/contentstructuremenu-f61a6cc0a80c814351a6e8487451e821.php]
[ Mar 03 2026 06:40:17 ] [var/site/cache/template/compiled/alphabetical-7fef63ace6a77e01849044ce09b3e047.php]
[ Mar 03 2026 06:40:17 ] [/var/www/vhosts/portfolio.se7enx.com/public_html/hackernews.portfolio.se7enx.com/lib/ezutils/classes/../../../var/cache/ini/menu-f1da7bd83a8aca24ad1c0d76af8684ae.php]
[ Mar 03 2026 06:40:17 ] [/var/www/vhosts/portfolio.se7enx.com/public_html/hackernews.portfolio.se7enx.com/lib/ezutils/classes/../../../var/cache/ini/toolbar-583ab229e078fc150c5f7e47923dfede.php]
[ Mar 03 2026 06:40:17 ] [var/site/cache/template/compiled/pagelayout-c6d8ef7da27d571e88c64eeded3a527d.php]
[ Mar 03 2026 06:40:17 ] [var/site/cache/template/compiled/page_head-d77f7b9bd8fa0842aad75dc950d81c47.php]
[ Mar 03 2026 06:40:17 ] [var/site/cache/template/compiled/link-c196669578a03064a243d86f70c80716.php]
[ Mar 03 2026 06:40:17 ] [var/site/cache/template/compiled/page_head_style-ae34b700d7641b936826c863af27e961.php]
[ Mar 03 2026 06:40:17 ] [/var/www/vhosts/portfolio.se7enx.com/public_html/hackernews.portfolio.se7enx.com/lib/ezutils/classes/../../../var/cache/ini/ezjscore-db773410a0c18f01b767dec301dd7930.php]
[ Mar 03 2026 06:40:17 ] [var/site/cache/template/compiled/page_head_style_inline-827aa3bba57a169cface3faef0322b0b.php]
[ Mar 03 2026 06:40:17 ] [var/site/cache/template/compiled/page_head_script-beed776dc4c4763512c2c02ca6d30bbe.php]
[ Mar 03 2026 06:40:17 ] [var/site/cache/template/compiled/page_header-11849bce69801220df553152b02d042e.php]
[ Mar 03 2026 06:40:17 ] [var/site/cache/template/compiled/page_topmenu-18e15ccba7f71a057ecadc7e9461db92.php]
[ Mar 03 2026 06:40:17 ] [var/site/cache/template/compiled/page_search-2d55b6b03d331e845e4f1468dd1a1acd.php]
[ Mar 03 2026 06:40:17 ] [var/site/cache/template/compiled/page_topmenuitem-01bc2c389676f3675836c2f9785b190f.php]
[ Mar 03 2026 06:40:18 ] [var/site/cache/template/compiled/page_leftmenu-b290a438f166e01cc48ee103c437bb6d.php]
[ Mar 03 2026 06:40:18 ] [var/site/cache/template/compiled/menu-e694b671218e7ef439427040e235151f.php]
[ Mar 03 2026 06:40:18 ] [var/site/cache/template/compiled/content_structure_menu_dynamic-42d8c9b464afc8ec87c9b5962dde5c32.php]
[ Mar 03 2026 06:40:18 ] [var/site/cache/template/compiled/ini_menu-e1de853ddb9652b95375480dcfb6e285.php]
[ Mar 03 2026 06:40:18 ] [var/site/cache/template/compiled/page_toppath-747a6267e1c8d0a0661cff3118487052.php]
[ Mar 03 2026 06:40:18 ] [var/site/cache/template/compiled/page_mainarea-288ef06c92d266911ee908b9fbc45025.php]
[ Mar 03 2026 06:40:18 ] [var/site/cache/template/compiled/page_warning-62a56d52af6c35f52917f2b1cbd8f04c.php]
[ Mar 03 2026 06:40:18 ] [var/site/cache/template/compiled/admin_current_user-e59fdc139307bb4d9adc7bf5af7a3f9f.php]
[ Mar 03 2026 06:40:18 ] [var/site/cache/template/compiled/admin_preferences-734c4d8cbff161995a31533083131865.php]
[ Mar 03 2026 06:40:18 ] [var/site/cache/template/compiled/admin_bookmarks-bb7568b5875522e3c0e43e642d3fcbe5.php]
[ Mar 03 2026 06:40:18 ] [var/site/cache/template/compiled/admin_clear_cache-6c08c03e5e5f67aa4fc900b602695b93.php]
[ Mar 03 2026 06:40:18 ] [var/site/cache/template/compiled/clear_cache-0a35bd3ffc8e447d52b11bd153f1e082.php]
[ Mar 03 2026 06:40:18 ] [var/site/cache/template/compiled/admin_quick_settings-49133473f92a6a819b96abe24208d95e.php]
[ Mar 03 2026 06:40:18 ] [var/site/cache/template/compiled/quick_settings-e3887769c2bc82ec66f4ed315ca4ced2.php]
[ Mar 03 2026 06:40:18 ] [/var/www/vhosts/portfolio.se7enx.com/public_html/hackernews.portfolio.se7enx.com/lib/ezutils/classes/../../../var/cache/ini/site-9cb0e9631ed265dd09f7291efc783195.php]
[ Mar 03 2026 06:40:18 ] [var/site/cache/template/compiled/page_copyright-9a50decdc088387e87b7b8fe64a7c04d.php]
[ Mar 03 2026 06:40:18 ] [var/site/cache/template/compiled/popup_menu-6b9b3ecbfe6a1914e62e4ebbac341993.php]
[ Mar 03 2026 06:40:18 ] [var/site/cache/template/compiled/popup_context_menu-d79d972be235fda0a5e51117a5d75f40.php]
[ Mar 03 2026 06:40:18 ] [var/site/cache/template/compiled/classcontextmenu-1e838f1c5257d10419878d8c74f11419.php]
[ Mar 03 2026 06:40:18 ] [var/site/cache/template/compiled/ezmucontextmenu-e48fc972db00f91f46181d5bd8fc0314.php]
[ Mar 03 2026 06:40:18 ] [var/site/cache/template/compiled/oocontextmenu-e191790a5698bc6b24f7d99f6f291baa.php]
[ Mar 03 2026 06:40:18 ] [var/site/cache/template/compiled/ownercontextmenu-b936c9a73578f83777859bf2604fd888.php]
[ Mar 03 2026 06:40:18 ] [var/site/cache/template/compiled/popup_subitems_menu-6d1b7c7d98451f31dca7182f2628e1e1.php]
[ Mar 03 2026 06:40:18 ] [var/site/cache/template/compiled/classsubitemscontextmenu-c0df0613996bd08da9d11f2865bfefc0.php]
[ Mar 03 2026 06:40:18 ] [var/site/cache/template/compiled/ezmusubitemscontextmenu-27db2aac59c8daa6787e4915929d6df2.php]
[ Mar 03 2026 06:40:18 ] [var/site/cache/template/compiled/oosubitemscontextmenu-7d4d7ba06549c616711b72d4d275ff64.php]
[ Mar 03 2026 06:40:18 ] [var/site/cache/template/compiled/ownersubitemscontextmenu-6d325323e68fa6f79f3f9b283a9b96fa.php]
[ Mar 03 2026 06:40:18 ] [var/site/cache/template/compiled/popup_class_menu-8f54ed9bfd3f96a2831931b24378c2fd.php]
[ Mar 03 2026 06:40:18 ] [var/site/cache/template/compiled/popup_bookmark_menu-ff3a54b07f9a8b4bd3f09316984481cb.php]
[ Mar 03 2026 06:40:18 ] [var/site/cache/template/compiled/oocontextsubmenu-9d5ae01aff0d39747166499e02162551.php]
[ Mar 03 2026 06:40:18 ] [var/site/cache/template/compiled/popup_sub_createhere_menu-ca1df0435daedbc831d041863d456b03.php]
[ Mar 03 2026 06:40:18 ] [var/site/cache/template/compiled/popup_sub_edit_menu-68253ff06abe573e3ae02d4ff0b7acb5.php]
[ Mar 03 2026 06:40:18 ] [var/site/cache/template/compiled/popup_sub_advance_menu-ac872751bdd9ffd4bbe85a833527ca39.php]
[ Mar 03 2026 06:40:18 ] [var/site/cache/template/compiled/popup_sub_editclass_menu-c973c9b2a57c3c2f8718746c5116f01f.php]
[ Mar 03 2026 06:40:18 ] [var/site/cache/template/compiled/popup_sub_siteaccess_menus-034828db4f64a901f4003e660d0910c3.php]
[ Mar 03 2026 06:40:18 ] [var/site/cache/template/compiled/debug_toolbar-2b1f7d88ad6a94f95957116b62dd7af8.php]
[ Mar 03 2026 06:40:18 ] [/var/www/vhosts/portfolio.se7enx.com/public_html/hackernews.portfolio.se7enx.com/lib/ezutils/classes/../../../var/cache/ini/contentstructuremenu-9b9681e9c34c030f8f4fcff1c0992a44.php]
[ Mar 03 2026 06:40:18 ] [var/site/cache/classidentifiers_0968810891971db8616ca23694603a01.php]
[ Mar 03 2026 06:40:18 ] [/var/www/vhosts/portfolio.se7enx.com/public_html/hackernews.portfolio.se7enx.com/lib/ezutils/classes/../../../var/cache/ini/design-d5dd9e6ff50d690658d53294a25792cd.php]
[ Mar 03 2026 06:40:18 ] [/var/www/vhosts/portfolio.se7enx.com/public_html/hackernews.portfolio.se7enx.com/lib/ezutils/classes/../../../var/cache/ini/ezjscore-98d0978111264568e13d16239653e877.php]
[ Mar 03 2026 06:40:18 ] [/var/www/vhosts/portfolio.se7enx.com/public_html/hackernews.portfolio.se7enx.com/lib/ezutils/classes/../../../var/cache/ini/image-3135477dcdd3115922a1741afe486185.php]
[ Mar 03 2026 06:40:18 ] [/var/www/vhosts/portfolio.se7enx.com/public_html/hackernews.portfolio.se7enx.com/lib/ezutils/classes/../../../var/cache/ini/icon-40cf7f038c081558a84e99cafe4d1404.php]
[ Mar 03 2026 06:40:18 ] [/var/www/vhosts/portfolio.se7enx.com/public_html/hackernews.portfolio.se7enx.com/lib/ezutils/classes/../../../var/cache/ini/icon-55aa278d87dfecf3e7dd4a6104af87aa.php]
[ Mar 03 2026 06:40:19 ] [/var/www/vhosts/portfolio.se7enx.com/public_html/hackernews.portfolio.se7enx.com/lib/ezutils/classes/../../../var/cache/ini/site-b1c8d4a8192adff4e7c543b06258e996.php]
[ Mar 03 2026 06:40:19 ] [/var/www/vhosts/portfolio.se7enx.com/public_html/hackernews.portfolio.se7enx.com/lib/ezutils/classes/../../../var/cache/ini/module-37f6ef690c7c4b1f8c14f0724c46ced9.php]
[ Mar 03 2026 06:40:19 ] [/var/www/vhosts/portfolio.se7enx.com/public_html/hackernews.portfolio.se7enx.com/lib/ezutils/classes/../../../var/cache/ini/eng-US-2b54e39f7ec7110bbf9440010eacf8cb.php]
[ Mar 03 2026 06:40:19 ] [/var/www/vhosts/portfolio.se7enx.com/public_html/hackernews.portfolio.se7enx.com/lib/ezutils/classes/../../../var/cache/ini/file-de21129cf5df8255e73bca81dfb2bbd5.php]
[ Mar 03 2026 06:40:19 ] [/var/www/vhosts/portfolio.se7enx.com/public_html/hackernews.portfolio.se7enx.com/lib/ezutils/classes/../../../var/cache/ini/debug-3e0b5c9472eed7907f0e913acd22c2c8.php]
[ Mar 03 2026 06:40:19 ] [/var/www/vhosts/portfolio.se7enx.com/public_html/hackernews.portfolio.se7enx.com/lib/ezutils/classes/../../../var/cache/ini/template-f4d110b6b4595a2e31b1463ca2c5a30d.php]
[ Mar 03 2026 06:40:19 ] [/var/www/vhosts/portfolio.se7enx.com/public_html/hackernews.portfolio.se7enx.com/lib/ezutils/classes/../../../var/cache/ini/owsimpleoperator-1737694dd98ca31a0c6ead2a40749b7e.php]
[ Mar 03 2026 06:40:19 ] [/var/www/vhosts/portfolio.se7enx.com/public_html/hackernews.portfolio.se7enx.com/lib/ezutils/classes/../../../var/cache/ini/content-999d2f552175362c357a610649cd01b9.php]
[ Mar 03 2026 06:40:19 ] [/var/www/vhosts/portfolio.se7enx.com/public_html/hackernews.portfolio.se7enx.com/lib/ezutils/classes/../../../var/cache/ini/workflow-dd04f314fd28ba142a3a72683df040bd.php]
[ Mar 03 2026 06:40:19 ] [/var/www/vhosts/portfolio.se7enx.com/public_html/hackernews.portfolio.se7enx.com/lib/ezutils/classes/../../../var/cache/ini/override-d1d589a012e0d46154b6f18f0ae15662.php]
[ Mar 03 2026 06:40:19 ] [/var/www/vhosts/portfolio.se7enx.com/public_html/hackernews.portfolio.se7enx.com/lib/ezutils/classes/../../../var/cache/ini/design-b2b66605972abbcdd9b319f12bde0e6e.php]
[ Mar 03 2026 06:40:19 ] [var/site/cache/override/override_4e9c8b3f7c81ea1c4a0a74233adee196.php]
[ Mar 03 2026 06:40:19 ] [var/site/cache/template/compiled/folder-7be9ffed4fdc261176f492c1739360c3.php]
[ Mar 03 2026 06:40:19 ] [var/site/cache/template/compiled/ezstring-4857c18b7b661021f11d2dd73b073a85.php]
[ Mar 03 2026 06:40:19 ] [/var/www/vhosts/portfolio.se7enx.com/public_html/hackernews.portfolio.se7enx.com/lib/ezutils/classes/../../../var/cache/ini/ezxml-96bdeac596e4968db258326af41c30d6.php]
[ Mar 03 2026 06:40:19 ] [var/site/cache/template/compiled/ezxmltext-8e2f92c7e74e431aedf988bc053230e0.php]
[ Mar 03 2026 06:40:19 ] [var/site/cache/template/compiled/paragraph-dc641bc2e0a2fa6774cc3d7c494fb22b.php]
[ Mar 03 2026 06:40:19 ] [var/site/cache/template/compiled/strong-793e7ed8bb6e60e5f0078f60fc7d3c8d.php]
[ Mar 03 2026 06:40:19 ] [var/site/cache/template/compiled/link-fca9314726a34148088d354703034104.php]
[ Mar 03 2026 06:40:19 ] [var/site/cache/template/compiled/google-e86a947a831075deac06f3c72e01f3a7.php]
[ Mar 03 2026 06:40:19 ] [/var/www/vhosts/portfolio.se7enx.com/public_html/hackernews.portfolio.se7enx.com/lib/ezutils/classes/../../../var/cache/ini/menu-64dd38572e16309fc03e2f79ae665b43.php]
[ Mar 03 2026 06:40:19 ] [var/site/cache/template/compiled/pagelayout-74eef27f806b8974aa37539986a698d7.php]
[ Mar 03 2026 06:40:19 ] [var/site/cache/template/compiled/page_head_displaystyles-f1d4f49f98b71b2f3d4c02895cd326e4.php]
[ Mar 03 2026 06:40:19 ] [var/site/cache/template/compiled/page_head-62d9c826801d8981afc690c34418ab36.php]
[ Mar 03 2026 06:40:19 ] [/var/www/vhosts/portfolio.se7enx.com/public_html/hackernews.portfolio.se7enx.com/lib/ezutils/classes/../../../var/cache/ini/xrowmetadata-71e7bfaccd51ec8ec2db837dd18e5f73.php]
[ Mar 03 2026 06:40:19 ] [var/site/cache/template/compiled/link-9d35a85a0ff452bf28db8704bf2214eb.php]
[ Mar 03 2026 06:40:19 ] [var/site/cache/template/compiled/page_head_style-73313536c5a5e01ed21b7c858b3ece98.php]
[ Mar 03 2026 06:40:19 ] [/var/www/vhosts/portfolio.se7enx.com/public_html/hackernews.portfolio.se7enx.com/lib/ezutils/classes/../../../var/cache/ini/ezjscore-c2ea1dbba60fcc50ceae3bcfb4507b2e.php]
[ Mar 03 2026 06:40:19 ] [var/site/cache/template/compiled/page_head_script-d508608c067a56801b780b383d4119cc.php]
[ Mar 03 2026 06:40:19 ] [var/site/cache/template/compiled/page_header-ce065152cbfa47862fa11616c68ad8e5.php]
[ Mar 03 2026 06:40:19 ] [var/site/cache/template/compiled/dropdown-79624fe58c00b27cb258116dedd932cd.php]
[ Mar 03 2026 06:40:20 ] [var/site/cache/template/compiled/page_footer-c307196c2653933212eeb839c1f0f819.php]
[ Mar 03 2026 06:40:20 ] [var/site/cache/template/compiled/path-a6eaffff7ebf4cca7a755725f584489c.php]
[ Mar 03 2026 06:40:20 ] [/var/www/vhosts/portfolio.se7enx.com/public_html/hackernews.portfolio.se7enx.com/lib/ezutils/classes/../../../var/cache/ini/bcwebsitestatistics-ea6954d455e53950a15c089e80e4940c.php]
[ Mar 03 2026 06:40:20 ] [var/site/cache/template/compiled/debug_toolbar-96744d7df4fed7d1e765f4d4d94b390c.php]
[ Mar 03 2026 06:40:20 ] [var/site/cache/template/compiled/clear_cache-5fcd1f072336ba7bfe79d66b1c98a58e.php]
[ Mar 03 2026 06:40:20 ] [var/site/cache/template/compiled/quick_settings-fd5a5bf68720e720d12f4798890ed7f8.php]
[ Mar 03 2026 06:40:20 ] [/var/www/vhosts/portfolio.se7enx.com/public_html/hackernews.portfolio.se7enx.com/lib/ezutils/classes/../../../var/cache/ini/site-aadd1012771e9ace1723875162c2023e.php]
[ Mar 03 2026 06:40:51 ] [/var/www/vhosts/portfolio.se7enx.com/public_html/hackernews.portfolio.se7enx.com/lib/ezutils/classes/../../../var/cache/ini/design-d21485edf5f50b00b3b28b56feee9549.php]
[ Mar 03 2026 06:40:52 ] [var/site/cache/template/compiled/topstories-f1ff2823f591803158d8c7212ecd4519.php]
[ Mar 03 2026 06:40:52 ] [/var/www/vhosts/portfolio.se7enx.com/public_html/hackernews.portfolio.se7enx.com/lib/ezutils/classes/../../../var/cache/ini/ezxml-206ad5fa267d4f2d96f85e95e9239604.php]
[ Mar 03 2026 06:40:52 ] [var/site/cache/template/compiled/story-28ce5526878ccf1911475287b39ea36b.php]
[ Mar 03 2026 06:40:52 ] [var/site/cache/template/compiled/ezdiggboxoption-1e4cb5c91f86cf83e436cce8833f85aa.php]
[ Mar 03 2026 06:40:52 ] [var/site/cache/template/compiled/separator-7cbbc3e1ed4206b055b9d190142c1437.php]
[ Mar 03 2026 06:40:53 ] [var/site/cache/template/compiled/line-9f5ac76563da0e1aad1b67a83fdd1bb5.php]
[ Mar 03 2026 06:40:53 ] [/var/www/vhosts/portfolio.se7enx.com/public_html/hackernews.portfolio.se7enx.com/lib/ezutils/classes/../../../var/cache/ini/menu-bf7e88a80bfa0cb2af94a443d146e64b.php]
[ Mar 03 2026 06:40:53 ] [/var/www/vhosts/portfolio.se7enx.com/public_html/hackernews.portfolio.se7enx.com/lib/ezutils/classes/../../../var/cache/ini/xrowmetadata-ee807b6ffb090c3c95dcffe036031373.php]
[ Mar 03 2026 06:40:53 ] [/var/www/vhosts/portfolio.se7enx.com/public_html/hackernews.portfolio.se7enx.com/lib/ezutils/classes/../../../var/cache/ini/ezjscore-f887468848ace7c3a79bfd7d0adfaf6b.php]
[ Mar 03 2026 06:40:53 ] [/var/www/vhosts/portfolio.se7enx.com/public_html/hackernews.portfolio.se7enx.com/lib/ezutils/classes/../../../var/cache/ini/bcwebsitestatistics-f812b7165e965de37a593d09ac79c1f1.php]
[ Mar 03 2026 06:40:57 ] [var/site/cache/template/compiled/emphasize-3169012c5a107efe441837c46499ca26.php]
[ Mar 03 2026 06:40:57 ] [var/site/cache/template/compiled/underline-eef53919e622292a5b58a994ccfeb35c.php]
[ Mar 03 2026 06:40:57 ] [var/site/cache/template/compiled/header-609b7279bba13a88f2c884e17589f581.php]
[ Mar 03 2026 06:40:57 ] [var/site/cache/template/compiled/li-48754c350459c5f7057fee8b554a9b10.php]
[ Mar 03 2026 06:40:57 ] [var/site/cache/template/compiled/ul-fc4730951ae7fb64c5a77588fe33fe9d.php]
[ Mar 03 2026 06:40:57 ] [var/site/cache/template/compiled/folder-75e1beaa9daa5edcba545fc389bf2128.php]
[ Mar 03 2026 06:41:00 ] [var/site/cache/template/compiled/article-0dc51252b443bc8ca920babc4dfc063f.php]
[ Mar 03 2026 06:41:00 ] [var/site/cache/template/compiled/feedback_form-271ca800559b2f6858133a01c4ccfe93.php]
[ Mar 03 2026 06:41:00 ] [var/site/cache/template/compiled/bug_report_form-a09e5fb7cf2f36cc25d27360fa3adc5a.php]
[ Mar 03 2026 06:41:03 ] [/var/www/vhosts/portfolio.se7enx.com/public_html/hackernews.portfolio.se7enx.com/lib/ezutils/classes/../../../var/cache/ini/error-0dc071d6ba54bb1c559762947c69f446.php]
[ Mar 03 2026 06:41:06 ] [var/site/cache/template/compiled/sup-d53489d89592ea399dc9e37d52c945b7.php]
[ Mar 03 2026 06:41:06 ] [var/site/cache/template/compiled/sub-4e0eeced629f397fa404f5080243c6f8.php]
[ Mar 03 2026 06:41:08 ] [var/site/cache/template/compiled/legal-5ad026d33a62168da6b8f39783f16c70.php]
[ Mar 03 2026 06:41:10 ] [var/site/cache/template/compiled/upcomming-1d778563664a515f1c6ebd933caf62ce.php]
[ Mar 03 2026 06:41:20 ] [var/site/cache/template/compiled/ask-60b31e244424d72a3ad45e77b2abb2fb.php]
[ Mar 03 2026 06:41:20 ] [var/site/cache/classattributeidentifiers_0968810891971db8616ca23694603a01.php]
[ Mar 03 2026 06:41:20 ] [var/site/cache/sortkey_0968810891971db8616ca23694603a01.php]
[ Mar 03 2026 06:41:21 ] [var/site/cache/template/compiled/category-d64c8e25369cfdfa6c9d61979968b1e5.php]
[ Mar 03 2026 06:41:21 ] [var/site/cache/template/compiled/category-29f2a5284ec5ea723b435a7ed2e9b47c.php]
[ Mar 03 2026 06:41:24 ] [/var/www/vhosts/portfolio.se7enx.com/public_html/hackernews.portfolio.se7enx.com/lib/ezutils/classes/../../../var/cache/ini/fetchalias-615eee0df891f80814c08b7ea7b9a0f7.php]
[ Mar 03 2026 06:41:24 ] [var/site/cache/template/compiled/story-d5d7f1dd725906e371f626c3bd0fa601.php]
[ Mar 03 2026 06:41:24 ] [var/site/cache/template/compiled/embed-4c19ccb1104c55b6f8cc015f13fe323a.php]
[ Mar 03 2026 06:41:24 ] [var/site/cache/template/compiled/image-a0c1615fa5ed49de30eaf792fb787270.php]
[ Mar 03 2026 06:41:24 ] [var/site/cache/template/compiled/ezimage-aac7b950c2c6376de6bdab6c188a9e2b.php]
[ Mar 03 2026 06:41:24 ] [/var/www/vhosts/portfolio.se7enx.com/public_html/hackernews.portfolio.se7enx.com/lib/ezutils/classes/../../../var/cache/ini/image-bc8e7d92a91f6ceb0714a251fea90ce7.php]
[ Mar 03 2026 06:41:24 ] [/var/www/vhosts/portfolio.se7enx.com/public_html/hackernews.portfolio.se7enx.com/lib/ezutils/classes/../../../var/cache/ini/mime-c6a1d98de2d271c06b2b02b0d5341b1d.php]
[ Mar 03 2026 06:41:24 ] [var/site/cache/template/compiled/ezobjectrelationlist-daf68fade6840016169bf170b9e6f76e.php]
[ Mar 03 2026 06:41:24 ] [var/site/cache/template/compiled/sckenhancedselection-aa278fecd56fa82f1fc3adaf090eaf15.php]
[ Mar 03 2026 06:41:33 ] [var/site/cache/template/compiled/comment-4bf35f09f1c4e9ac6cb6843197f07234.php]
[ Mar 03 2026 06:41:33 ] [var/site/cache/template/compiled/tagcloud-199914af41585b98e845f1fe61ff6a2d.php]
[ Mar 03 2026 06:41:33 ] [var/site/cache/template/compiled/tagcloud-9c185a7f65553a5b745f03b04a9b170f.php]
[ Mar 03 2026 06:41:36 ] [/var/www/vhosts/portfolio.se7enx.com/public_html/hackernews.portfolio.se7enx.com/lib/ezutils/classes/../../../var/cache/ini/site-141db338c013734b1c9aaaa47c7de405.php]
[ Mar 03 2026 06:41:36 ] [/var/www/vhosts/portfolio.se7enx.com/public_html/hackernews.portfolio.se7enx.com/lib/ezutils/classes/../../../var/cache/ini/module-26e2c348c0f869c96836cf48ee1e0e7c.php]
[ Mar 03 2026 06:41:36 ] [/var/www/vhosts/portfolio.se7enx.com/public_html/hackernews.portfolio.se7enx.com/lib/ezutils/classes/../../../var/cache/ini/eng-US-2237a0c3dabb743f7133b6961b8563ee.php]
[ Mar 03 2026 06:41:36 ] [/var/www/vhosts/portfolio.se7enx.com/public_html/hackernews.portfolio.se7enx.com/lib/ezutils/classes/../../../var/cache/ini/template-3e347a492c387c9d003a62085edf75fe.php]
[ Mar 03 2026 06:41:36 ] [/var/www/vhosts/portfolio.se7enx.com/public_html/hackernews.portfolio.se7enx.com/lib/ezutils/classes/../../../var/cache/ini/file-80ad1a42d521c63db4c49a9a86b436d1.php]
[ Mar 03 2026 06:41:36 ] [/var/www/vhosts/portfolio.se7enx.com/public_html/hackernews.portfolio.se7enx.com/lib/ezutils/classes/../../../var/cache/ini/debug-e9360cede1fc6bb6f0ceb24b702c8cb1.php]
[ Mar 03 2026 06:41:36 ] [/var/www/vhosts/portfolio.se7enx.com/public_html/hackernews.portfolio.se7enx.com/lib/ezutils/classes/../../../var/cache/ini/owsimpleoperator-dac5ceefab6f1022166754e4eacfbf69.php]
[ Mar 03 2026 06:41:36 ] [/var/www/vhosts/portfolio.se7enx.com/public_html/hackernews.portfolio.se7enx.com/lib/ezutils/classes/../../../var/cache/ini/content-6aca09412c737dffbbbaef59ae9a465a.php]
[ Mar 03 2026 06:41:36 ] [/var/www/vhosts/portfolio.se7enx.com/public_html/hackernews.portfolio.se7enx.com/lib/ezutils/classes/../../../var/cache/ini/workflow-6fd2fd9a540095c683ca2fd054b4ce29.php]
[ Mar 03 2026 06:41:36 ] [/var/www/vhosts/portfolio.se7enx.com/public_html/hackernews.portfolio.se7enx.com/lib/ezutils/classes/../../../var/cache/ini/override-2c5ccdcab6b6a885b10c9c4c7eb36642.php]
[ Mar 03 2026 06:41:36 ] [/var/www/vhosts/portfolio.se7enx.com/public_html/hackernews.portfolio.se7enx.com/lib/ezutils/classes/../../../var/cache/ini/design-a01f917d1dd71e0c22686053b967e3ae.php]
[ Mar 03 2026 06:41:36 ] [var/site/cache/override/override_f5e0f84acba4871eb64d99bc636d587c.php]
[ Mar 03 2026 06:41:36 ] [var/site/cache/template/compiled/frontpage-e57b90f2a7258e4b80e39135fc346d22.php]
[ Mar 03 2026 06:41:36 ] [/var/www/vhosts/portfolio.se7enx.com/public_html/hackernews.portfolio.se7enx.com/lib/ezutils/classes/../../../var/cache/ini/ezxml-44e95bf951940a058589bb853b514811.php]
[ Mar 03 2026 06:41:36 ] [var/site/cache/template/compiled/ezxmltext-f3082e86d5121c26f6d0455dee6adc0e.php]
[ Mar 03 2026 06:41:36 ] [var/site/cache/template/compiled/paragraph-d7911cae4a683b248bc6b7f971016686.php]
[ Mar 03 2026 06:41:36 ] [var/site/cache/template/compiled/header-dc8088b832e92ec5721c687f2b90fc5c.php]
[ Mar 03 2026 06:41:36 ] [var/site/cache/template/compiled/link-a06905664ae809fc8431b7d828b43d93.php]
[ Mar 03 2026 06:41:36 ] [var/site/cache/template/compiled/li-b956754b2af697f488230804d7211ffe.php]
[ Mar 03 2026 06:41:36 ] [var/site/cache/template/compiled/emphasize-a2bb099166ac5ff0b88984a9dc7993bc.php]
[ Mar 03 2026 06:41:36 ] [var/site/cache/template/compiled/underline-5485baa88b3d682feee1e5a108f3ad08.php]
[ Mar 03 2026 06:41:36 ] [var/site/cache/template/compiled/ul-9088ac35aea60c052510332f31e793e5.php]
[ Mar 03 2026 06:41:36 ] [/var/www/vhosts/portfolio.se7enx.com/public_html/hackernews.portfolio.se7enx.com/lib/ezutils/classes/../../../var/cache/ini/menu-6f2ed1ea217a5a007c1cdc3362e6abac.php]
[ Mar 03 2026 06:41:36 ] [var/site/cache/template/compiled/pagelayout-8f7dee8783b49fc69bc796e99700777b.php]
[ Mar 03 2026 06:41:36 ] [var/site/cache/template/compiled/page_head_displaystyles-f442a8abc78cbab5ac9d378fde102355.php]
[ Mar 03 2026 06:41:36 ] [var/site/cache/template/compiled/page_head-3a0160ee902d0b197f6e4b43d8950044.php]
[ Mar 03 2026 06:41:36 ] [/var/www/vhosts/portfolio.se7enx.com/public_html/hackernews.portfolio.se7enx.com/lib/ezutils/classes/../../../var/cache/ini/xrowmetadata-997fd9cad235047f5df2ddd0b4f89df7.php]
[ Mar 03 2026 06:41:36 ] [var/site/cache/template/compiled/link-2c86c70a58d814cae825ed7cdbd8bb24.php]
[ Mar 03 2026 06:41:36 ] [var/site/cache/template/compiled/page_head_style-2a925f57e05fa694ce2ddd16d7c21627.php]
[ Mar 03 2026 06:41:36 ] [/var/www/vhosts/portfolio.se7enx.com/public_html/hackernews.portfolio.se7enx.com/lib/ezutils/classes/../../../var/cache/ini/ezjscore-06b8de9d49f3c0792ff62d16cc7558dc.php]
[ Mar 03 2026 06:41:36 ] [var/site/cache/template/compiled/page_head_script-cb1201131be46050698f3d427885dd20.php]
[ Mar 03 2026 06:41:36 ] [var/site/cache/template/compiled/page_header-d29999b5b4742b641fbf0070b4c10953.php]
[ Mar 03 2026 06:41:36 ] [var/site/cache/template/compiled/dropdown-c51525181fb826cad0f6f63a7012ccd8.php]
[ Mar 03 2026 06:41:36 ] [var/site/cache/template/compiled/page_footer-0122f91c9a91856a07cf81759944b466.php]
[ Mar 03 2026 06:41:36 ] [var/site/cache/template/compiled/path-50a737ec86375fa01a4338fd0d9032eb.php]
[ Mar 03 2026 06:41:36 ] [/var/www/vhosts/portfolio.se7enx.com/public_html/hackernews.portfolio.se7enx.com/lib/ezutils/classes/../../../var/cache/ini/bcwebsitestatistics-c534ec433ed7671323870ed2febd9ce7.php]
[ Mar 03 2026 06:41:36 ] [var/site/cache/template/compiled/debug_toolbar-d8bf50dbd612351c42458e576fee0456.php]
[ Mar 03 2026 06:41:36 ] [var/site/cache/template/compiled/clear_cache-1c7d1b20fd9b450affe65a6bd6b208f3.php]
[ Mar 03 2026 06:41:36 ] [var/site/cache/template/compiled/quick_settings-6f569d8b85d3fe3cf3e08509c071a92c.php]
[ Mar 03 2026 06:41:36 ] [/var/www/vhosts/portfolio.se7enx.com/public_html/hackernews.portfolio.se7enx.com/lib/ezutils/classes/../../../var/cache/ini/site-1127a05ff36a088a94ddea75806a632e.php]
[ Mar 03 2026 06:41:38 ] [/var/www/vhosts/portfolio.se7enx.com/public_html/hackernews.portfolio.se7enx.com/lib/ezutils/classes/../../../var/cache/ini/embedtag-2b810fea7e9e17500bec6ca5cda121f7.php]
[ Mar 03 2026 06:41:38 ] [var/site/cache/template/compiled/youtube-fbbf5d4f75dc036a207876f1cda1b760.php]
[ Mar 03 2026 06:41:48 ] [/var/www/vhosts/portfolio.se7enx.com/public_html/hackernews.portfolio.se7enx.com/lib/ezutils/classes/../../../var/cache/ini/menu-7d4d5e7bab5f55e300d056c8b7109fe2.php]
[ Mar 03 2026 06:41:48 ] [/var/www/vhosts/portfolio.se7enx.com/public_html/hackernews.portfolio.se7enx.com/lib/ezutils/classes/../../../var/cache/ini/design-db1e42f3f984083f886ea267635bc79c.php]
[ Mar 03 2026 06:41:48 ] [/var/www/vhosts/portfolio.se7enx.com/public_html/hackernews.portfolio.se7enx.com/lib/ezutils/classes/../../../var/cache/ini/xrowmetadata-fb1d6749f2d74f898ea954e8b8df78d6.php]
[ Mar 03 2026 06:41:48 ] [/var/www/vhosts/portfolio.se7enx.com/public_html/hackernews.portfolio.se7enx.com/lib/ezutils/classes/../../../var/cache/ini/ezjscore-7860ba9ab9a7353da020e3ed91a39c26.php]
[ Mar 03 2026 06:41:48 ] [/var/www/vhosts/portfolio.se7enx.com/public_html/hackernews.portfolio.se7enx.com/lib/ezutils/classes/../../../var/cache/ini/bcwebsitestatistics-3cb2c6602aa47ea5e9c602850bce268e.php]
[ Mar 03 2026 06:42:01 ] [/var/www/vhosts/portfolio.se7enx.com/public_html/hackernews.portfolio.se7enx.com/lib/ezutils/classes/../../../var/cache/ini/cronjob-e4269c07a858289f6260d63316118c4a.php]
[ Mar 03 2026 06:42:01 ] [/var/www/vhosts/portfolio.se7enx.com/public_html/hackernews.portfolio.se7enx.com/lib/ezutils/classes/../../../var/cache/ini/notification-5bd7d4ae429bd6a563f6402fe6eb3f72.php]
[ Mar 03 2026 06:42:01 ] [var/site/cache/template/compiled/plain-6099d18dcfcb6f0eb2d69769909aae4e.php]
[ Mar 03 2026 06:42:13 ] [var/site/cache/template/compiled/line-7aa15eb39f44c32b2224c16d36871407.php]
[ Mar 03 2026 06:42:15 ] [var/site/cache/template/compiled/comments-4a53e0a2bb0c82a2efeaf8b00cdad9bb.php]
[ Mar 03 2026 06:42:16 ] [var/site/cache/template/compiled/advancedsearch-a2403f9f332e32c85fea8e42708726f1.php]
[ Mar 03 2026 06:42:17 ] [var/site/cache/template/compiled/login-ff8aa36a8ebf67a39ee3d9fbe1b4ff02.php]
[ Mar 03 2026 06:42:17 ] [/var/www/vhosts/portfolio.se7enx.com/public_html/hackernews.portfolio.se7enx.com/lib/ezutils/classes/../../../var/cache/ini/menu-ea8d4329083c0001f9ac65c87dbbd121.php]
[ Mar 03 2026 06:42:17 ] [var/site/cache/template/compiled/loginpagelayout-e7246e40e06d29c8ba10c2f89100e7e8.php]
[ Mar 03 2026 06:42:17 ] [var/site/cache/template/compiled/page_head-f798c0e97167f897a69f79dcb805a7dd.php]
[ Mar 03 2026 06:42:17 ] [var/site/cache/template/compiled/link-642ff157869f73551a36d3c32505681d.php]
[ Mar 03 2026 06:42:17 ] [var/site/cache/template/compiled/page_head_style-f4a94459f2b30ddf7b1e0539f9fbc895.php]
[ Mar 03 2026 06:42:17 ] [var/site/cache/template/compiled/page_head_style_inline-c86eacf162020976932ab72d7daf01af.php]
[ Mar 03 2026 06:42:17 ] [var/site/cache/template/compiled/page_head_script-71ec6fd7abb0c996a8625674dfdb2afe.php]
[ Mar 03 2026 06:42:17 ] [var/site/cache/template/compiled/page_mainarea-a171c5e0547517cb6614ff572bcfa258.php]
[ Mar 03 2026 06:42:17 ] [var/site/cache/template/compiled/page_warning-0b1b20e81decc6dec0889497e163a9d9.php]
[ Mar 03 2026 06:42:17 ] [var/site/cache/template/compiled/page_login_copyright-7be9c3518da2e7f7b885140284338df0.php]
[ Mar 03 2026 06:42:17 ] [var/site/cache/template/compiled/debug_toolbar-2d229136c38114f5a05a2b734d6c6292.php]
[ Mar 03 2026 06:42:17 ] [var/site/cache/template/compiled/clear_cache-61615fa48857bab8c6e225f0cc0bb8e8.php]
[ Mar 03 2026 06:42:17 ] [var/site/cache/template/compiled/quick_settings-23ed807dc91dc3a19d20b2f233411c9c.php]
[ Mar 03 2026 06:42:17 ] [/var/www/vhosts/portfolio.se7enx.com/public_html/hackernews.portfolio.se7enx.com/lib/ezutils/classes/../../../var/cache/ini/collect-394f6853cdacf18520d929479f39e3a4.php]
[ Mar 03 2026 06:42:17 ] [var/site/cache/template/compiled/story-6af75bbabc0efe08d47acaf17d1c265f.php]
[ Mar 03 2026 06:42:17 ] [/var/www/vhosts/portfolio.se7enx.com/public_html/hackernews.portfolio.se7enx.com/lib/ezutils/classes/../../../var/cache/ini/i18n-6af1d17d2a019caea1d1b26f79be2fb9.php]
[ Mar 03 2026 06:42:27 ] [var/site/cache/template/compiled/register-af2850e93a790c17b4644547fa036ea3.php]
[ Mar 03 2026 06:42:27 ] [var/site/cache/template/compiled/edit_attribute-3fe9231124ef8f32d57fbfa02fa490ac.php]
[ Mar 03 2026 06:42:27 ] [/var/www/vhosts/portfolio.se7enx.com/public_html/hackernews.portfolio.se7enx.com/lib/ezutils/classes/../../../var/cache/ini/datatype-295dc41e2a628e5feaeab307564fcf09.php]
[ Mar 03 2026 06:42:27 ] [var/site/cache/template/compiled/ezstring-5870dd33cf6c621a5af178a82c9b5215.php]
[ Mar 03 2026 06:42:27 ] [var/site/cache/template/compiled/ezuser-2c10e15bec2e9ec28da1ed0a4f281a82.php]
[ Mar 03 2026 06:42:27 ] [var/site/cache/template/compiled/eztext-174773bb9af3ac255439c636628f1dc0.php]
[ Mar 03 2026 06:42:27 ] [/var/www/vhosts/portfolio.se7enx.com/public_html/hackernews.portfolio.se7enx.com/lib/ezutils/classes/../../../var/cache/ini/units-abbf17cc53c5a262de5e6d1638f5bfd5.php]
[ Mar 03 2026 06:42:27 ] [var/site/cache/template/compiled/ezimage-e07c0ba1546bbdc289656b620160ebe5.php]
[ Mar 03 2026 06:42:27 ] [var/site/cache/template/compiled/gui-baa6f770e886eb9eeef7d4d8ba468469.php]
[ Mar 03 2026 06:42:27 ] [/var/www/vhosts/portfolio.se7enx.com/public_html/hackernews.portfolio.se7enx.com/lib/ezutils/classes/../../../var/cache/ini/mime-bb3d41411dfb522de847b45532c76d9b.php]
[ Mar 03 2026 06:42:27 ] [var/site/cache/template/compiled/recaptcha-eeb86410de25e17335541c638fc67492.php]
[ Mar 03 2026 06:42:27 ] [/var/www/vhosts/portfolio.se7enx.com/public_html/hackernews.portfolio.se7enx.com/lib/ezutils/classes/../../../var/cache/ini/recaptcha-a36b62cb32c4f5100e5c5d6c33402825.php]
[ Mar 03 2026 06:42:27 ] [var/site/cache/template/compiled/ezboolean-093a6fdaa7acd76083f3b68469e353ab.php]
[ Mar 03 2026 06:42:53 ] [var/site/cache/template/compiled/about-189ac53df88df8186b6daf495f5fda5a.php]
[ Mar 03 2026 06:42:55 ] [/var/www/vhosts/portfolio.se7enx.com/public_html/hackernews.portfolio.se7enx.com/lib/ezutils/classes/../../../var/cache/ini/layout-a3fd1d5a2020662ae4ff0d1ae29239ba.php]
[ Mar 03 2026 06:42:56 ] [var/site/cache/template/compiled/topstories-db43396bb03a914dbd40fd713eaa3063.php]
[ Mar 03 2026 06:42:56 ] [var/site/cache/template/compiled/ezxmltext-06a398dd369481a7abe2c00d0095b8f0.php]
[ Mar 03 2026 06:42:56 ] [var/site/cache/template/compiled/link-ffa99fc82b4625c240a8bda20b9ef99e.php]
[ Mar 03 2026 06:42:56 ] [var/site/cache/template/compiled/paragraph-af400ed5d1deb7efc62bf33ec1aabb33.php]
[ Mar 03 2026 06:42:56 ] [var/site/cache/template/compiled/google-0138918639d2dadbb10f4f437e07f268.php]
[ Mar 03 2026 06:42:56 ] [var/site/cache/template/compiled/story-72723779eb7c3b2cf2918daf648b7d57.php]
[ Mar 03 2026 06:42:56 ] [var/site/cache/template/compiled/ezdiggboxoption-918260da02102a583af970087fe3f787.php]
[ Mar 03 2026 06:42:56 ] [var/site/cache/template/compiled/separator-9e9a652d5ae394518837f18fcbf289b6.php]
[ Mar 03 2026 06:42:57 ] [var/site/cache/template/compiled/line-9b1bb31e95a9e9918b7b418c3400d9f7.php]
[ Mar 03 2026 06:42:57 ] [var/site/cache/template/compiled/print_pagelayout-fb438e075ba0c0411894f54027a7a18b.php]
[ Mar 03 2026 06:42:57 ] [var/site/cache/template/compiled/page_head-964ffae931966f5a760fba2744fa0466.php]
[ Mar 03 2026 06:42:57 ] [var/site/cache/template/compiled/link-57faa2bf7fc53234acbf6279330d3b93.php]
[ Mar 03 2026 06:42:57 ] [var/site/cache/template/compiled/page_mainarea-3c753125ca2e9de9e7c90974bb4232b7.php]
[ Mar 03 2026 06:42:57 ] [var/site/cache/template/compiled/page_copyright-8e5e9b6edef773c977542a2e32da7ae3.php]
[ Mar 03 2026 06:42:57 ] [var/site/cache/template/compiled/debug_toolbar-b36480d304147f6abccb53ebe7c75091.php]
[ Mar 03 2026 06:42:57 ] [var/site/cache/template/compiled/clear_cache-c670c4008ae6c31f6502fd26d73f0399.php]
[ Mar 03 2026 06:42:57 ] [var/site/cache/template/compiled/quick_settings-ff7a90747f1e0d707ac2b15a001b081a.php]
[ Mar 03 2026 06:42:59 ] [var/site/cache/template/compiled/lists-02ea8d3eb9040c6dcf5914b689189cc7.php]
[ Mar 03 2026 06:43:01 ] [var/site/cache/template/compiled/show-87e676d74092835a4b07016089995382.php]
[ Mar 03 2026 06:43:02 ] [var/site/cache/template/compiled/link-2ac4d77fb122ded7fc5704360a33f762.php]
[ Mar 03 2026 06:43:03 ] [var/site/cache/template/compiled/login-9fe189924bfb71347f6bfd058ecd6c0d.php]
[ Mar 03 2026 06:43:04 ] [var/site/cache/template/compiled/register_user_not_valid-062c0def51bc138780d7b082f72cc15e.php]
[ Mar 03 2026 06:43:05 ] [var/site/cache/template/compiled/1-eb8c8dc6f1aab1dbb0c9c3caacb6ab3a.php]
[ Mar 03 2026 06:43:07 ] [var/site/cache/template/compiled/user-aee2d7ecfb85d9a051b13f01198453ed.php]
[ Mar 03 2026 06:43:07 ] [var/site/cache/template/compiled/eztext-5f02c84942eb413d90889a7cde062c45.php]
[ Mar 03 2026 06:48:45 ] [/var/www/vhosts/portfolio.se7enx.com/public_html/hackernews.portfolio.se7enx.com/lib/ezutils/classes/../../../var/cache/ini/error-577a61159b3f1d305c3c2043b397a930.php]
[ Mar 03 2026 06:48:45 ] [var/site/cache/template/compiled/login-1db71062d0840764fa9576617e278ee4.php]
[ Mar 03 2026 06:48:45 ] [var/site/cache/template/compiled/1-bbaef86fb69587c2ad8fa88a2fcbf755.php]
[ Mar 03 2026 06:51:24 ] [var/site/cache/template/compiled/collectionlist-1a4dde8155e85f82dd396f7f6903690b.php]
[ Mar 03 2026 06:51:38 ] [var/site/cache/template/compiled/topusers-83d11e7c58ab623ac9aea40aefef5404.php]
[ Mar 03 2026 06:51:51 ] [var/site/cache/template/compiled/image-8265214cf1735ccddeff91544f13efbf.php]
[ Mar 03 2026 06:52:31 ] [var/site/cache/template/compiled/folder-309db08f1da86dc41d1e0f2cec1db700.php]
[ Mar 03 2026 06:52:31 ] [var/site/cache/template/compiled/ezstring-1900008dcf20f352ea6e6dad2fa228d1.php]
[ Mar 03 2026 06:52:31 ] [var/site/cache/template/compiled/strong-f0d1d407b2343be014c16f0100fa6a00.php]
[ Mar 03 2026 06:52:31 ] [var/site/cache/template/compiled/line-f33e86fe15dd885dc7463d0eb55f58ca.php]
[ Mar 03 2026 06:52:31 ] [var/site/cache/template/compiled/header-4481dd7c865721355c791d7b11bed1ac.php]
[ Mar 03 2026 06:52:31 ] [var/site/cache/template/compiled/li-b4bea182487b79a07901a9ed28351dd9.php]
[ Mar 03 2026 06:52:31 ] [var/site/cache/template/compiled/ul-6523c7de252fa632e658c9b6f9ec10a9.php]
[ Mar 03 2026 06:52:44 ] [var/site/cache/template/compiled/upcomming-c1a5f0a736a1f8af8af0317a6bb1f1e6.php]
[ Mar 03 2026 06:52:58 ] [var/site/cache/template/compiled/topusers-2916f4a1734b292430fc9dd7f81b8229.php]
[ Mar 03 2026 06:52:58 ] [var/site/cache/template/compiled/user-3b30ff9ec6690f322350348d7001006d.php]
[ Mar 03 2026 06:53:12 ] [var/site/cache/template/compiled/keyword-d9ac805aa5e24822808beeec7a9317fa.php]
[ Mar 03 2026 06:53:12 ] [/var/www/vhosts/portfolio.se7enx.com/public_html/hackernews.portfolio.se7enx.com/lib/ezutils/classes/../../../var/cache/ini/transform-efbd3818deed95451391c51fe4e18dcf.php]
[ Mar 03 2026 06:53:12 ] [var/site/cache/codepages/36e48c5d322c489dd3ee4e51ffda1494.php]
[ Mar 03 2026 06:53:12 ] [var/site/cache/trans/g-lowercase-635518252-utf-8.ctt.php]
[ Mar 03 2026 07:00:13 ] [var/site/cache/template/compiled/search-c0d02bea5f2aa973763b13a814518578.php]
[ Mar 03 2026 07:03:04 ] [var/site/cache/template/compiled/20-b3905900ea04d6bfcd08cf652d627355.php]
[ Mar 03 2026 07:07:11 ] [var/site/cache/template/compiled/sitemap-0ae13c1ca2839cb1ab7e2f8d6a5816d5.php]
[ Mar 03 2026 07:14:13 ] [var/site/cache/template/compiled/20-ff97090ce556d92b6ab8d9abac4342ec.php]
[ Mar 03 2026 07:32:50 ] [/var/www/vhosts/portfolio.se7enx.com/public_html/hackernews.portfolio.se7enx.com/lib/ezutils/classes/../../../var/cache/ini/dashboard-4bfb23a652d1f8c25ff6d0fd3e9b4f04.php]
[ Mar 03 2026 07:32:50 ] [var/site/cache/template/compiled/dashboard-5a95cc8ed12125327bd2e47900f2994d.php]
[ Mar 03 2026 07:32:50 ] [var/site/cache/template/compiled/all_latest_content-73128259ae4a96da04ac9c57106436d2.php]
[ Mar 03 2026 07:32:50 ] [var/site/cache/template/compiled/latest_content-d988e80413bcb1b7bc6d430068d3e3f6.php]
[ Mar 03 2026 07:33:31 ] [var/site/cache/template/compiled/stories-recent-range-based-56054ed2c8f459d15e685dc31dc959ed.php]
[ Mar 03 2026 07:36:32 ] [var/site/cache/template/compiled/search-a0ee817bc312c63f493835732e2618ef.php]
[ Mar 03 2026 07:36:45 ] [var/site/cache/template/compiled/sitemap-f18f49346870c21f79f93f6dcad5b572.php]
[ Mar 03 2026 07:36:59 ] [var/site/cache/template/compiled/category_images-dc58668e4b8bea56b41cbfa5f8e346ab.php]
[ Mar 03 2026 07:36:59 ] [var/site/cache/template/compiled/image-7219263b20f24aa50aaa2c4f77a648ea.php]
[ Mar 03 2026 07:36:59 ] [var/site/cache/template/compiled/ezimage-318e1d705b1bbc28c3609387d1525e39.php]
[ Mar 03 2026 07:37:39 ] [var/site/cache/template/compiled/show-5a6779519d642ee95edbb65b2f655e71.php]
[ Mar 03 2026 07:37:52 ] [var/site/cache/template/compiled/tagcloud-37bc1c401f0bc0d2052f845dff6be47c.php]
[ Mar 03 2026 07:37:52 ] [var/site/cache/template/compiled/tagcloud-f27b4466b51bbc088ae11088a9f9717b.php]
[ Mar 03 2026 07:38:06 ] [var/site/cache/template/compiled/story-1dd1f574c474b124e903cc513957fd3f.php]
[ Mar 03 2026 07:38:06 ] [var/site/cache/template/compiled/sckenhancedselection-72a98f59494944409bc00dd171711e99.php]
[ Mar 03 2026 07:38:46 ] [var/site/cache/template/compiled/underline-612654935cde46f22190b33231f7385b.php]
[ Mar 03 2026 07:38:46 ] [var/site/cache/template/compiled/emphasize-7706ab0e6f26e410db14ba7c47a12c50.php]
[ Mar 03 2026 07:40:18 ] [var/site/cache/template/compiled/3-9404382d4445919e27e9f97d667f1a20.php]
[ Mar 03 2026 07:41:23 ] [var/site/cache/template/compiled/collectionlist-e9d86906c5e196254f1f663e6e4755c2.php]
[ Mar 03 2026 07:43:33 ] [var/site/cache/template/compiled/user_diggs-9c1535c532e9842afb2f621fffcc1b96.php]
[ Mar 03 2026 07:43:59 ] [var/site/cache/template/compiled/login-4e09e55924922e6467319e628ec2200f.php]
[ Mar 03 2026 07:43:59 ] [var/site/cache/template/compiled/1-00d3c3610994314a9a7cbab9bc494759.php]
[ Mar 03 2026 07:45:06 ] [var/site/cache/template/compiled/comment-9541b6f0ea82a5ceea2e5871d664db27.php]
[ Mar 03 2026 07:45:19 ] [var/site/cache/template/compiled/image-a3c4d02f140a3248526001f980acbfd9.php]
[ Mar 03 2026 07:46:40 ] [var/site/cache/template/compiled/comment-02458f94d5e4b7fbebb2f8e31fb518ac.php]
[ Mar 03 2026 07:47:21 ] [var/site/cache/template/compiled/category-166df7928aba5cca1c9088b196baf37b.php]
[ Mar 03 2026 07:48:00 ] [var/site/cache/template/compiled/register_user_not_valid-f910b5e386d430f3609110015efbe4d2.php]
[ Mar 03 2026 07:49:45 ] [var/site/cache/template/compiled/user_diggs-eebff60c5182d8916d04fcd8635213a3.php]
[ Mar 03 2026 07:50:18 ] [var/site/cache/template/compiled/ezobjectrelationlist-86df62271b8a5638f2f6b6443665b290.php]
[ Mar 03 2026 07:50:18 ] [var/site/cache/template/compiled/image-411e9961c6bc17f4457bb17ba13bb23b.php]
[ Mar 03 2026 07:54:12 ] [var/site/cache/template/compiled/comments-b429b625afaf66992a85a5fe58890d59.php]
[ Mar 03 2026 07:55:07 ] [var/site/cache/template/compiled/past-ae2cd7a8424bc6f59d91b7a3eba2cb42.php]
[ Mar 03 2026 07:55:21 ] [var/site/cache/template/compiled/comment-e2d061d7b6fee36ac21ad9eb3223113a.php]
[ Mar 03 2026 07:55:21 ] [var/site/cache/template/compiled/eztext-cdd61007ae2982e9e05d477fa8c29b3e.php]
[ Mar 03 2026 07:55:48 ] [var/site/cache/template/compiled/20-c1855e58cae9be797c2ab520dd25a1bb.php]
[ Mar 03 2026 07:56:30 ] [var/site/cache/template/compiled/story-2a5b79a89bdc1a0ec7686dbf9e32850b.php]
[ Mar 03 2026 07:56:45 ] [var/site/cache/template/compiled/image-f85f6ab1ea82f90ee7f94fceaa04b21a.php]
[ Mar 03 2026 08:01:24 ] [var/site/cache/template/compiled/comment-b67846a5e82625e849609a9ee3fb61b0.php]
[ Mar 03 2026 08:12:18 ] [var/site/cache/template/compiled/comment-aef8314ec6eb00eb884508d60439e60e.php]
[ Mar 03 2026 08:15:21 ] [var/site/cache/template/compiled/youtube-c2af5af9c6547630c6e07d1cd4110229.php]
[ Mar 03 2026 08:15:48 ] [var/site/cache/template/compiled/image-84dc60d2edb636f3cdedd75c74d020ba.php]
[ Mar 03 2026 08:16:32 ] [var/site/cache/template/compiled/embed-ffd96eec23f2ef79c7932bbaca13a8da.php]
[ Mar 03 2026 08:33:06 ] [var/site/cache/template/compiled/about-dda2fcb8e3cf2089053e518429da1248.php]
[ Mar 03 2026 08:33:06 ] [/var/www/vhosts/portfolio.se7enx.com/public_html/hackernews.portfolio.se7enx.com/lib/ezutils/classes/../../../var/cache/ini/i18n-200d5efbe2fd75e9ce57c9f0b7614dd1.php]
[ Mar 03 2026 08:33:28 ] [/var/www/vhosts/portfolio.se7enx.com/public_html/hackernews.portfolio.se7enx.com/lib/ezutils/classes/../../../var/cache/ini/layout-745657e5b53cc877443bf0d4777061fe.php]
[ Mar 03 2026 08:33:28 ] [var/site/cache/template/compiled/frontpage-c17904b7e47e8cd8d5fde8cc8726ef37.php]
[ Mar 03 2026 08:33:28 ] [/var/www/vhosts/portfolio.se7enx.com/public_html/hackernews.portfolio.se7enx.com/lib/ezutils/classes/../../../var/cache/ini/ezxml-c59537c3bea8cffadf0bac55fa5d2c19.php]
[ Mar 03 2026 08:33:28 ] [var/site/cache/template/compiled/ezxmltext-e66ebd444bba6fb2310d8dd1b89d9c1e.php]
[ Mar 03 2026 08:33:28 ] [var/site/cache/template/compiled/paragraph-05778cdb0194e1295b794307f503bf10.php]
[ Mar 03 2026 08:33:29 ] [var/site/cache/template/compiled/header-ab30eda4872a1f8b106adcea34e575b9.php]
[ Mar 03 2026 08:33:29 ] [var/site/cache/template/compiled/link-c2e7e12c0a735e258ba8054d32fea24d.php]
[ Mar 03 2026 08:33:29 ] [var/site/cache/template/compiled/li-c34e33d3cdf0d58b4df4e800b67cf058.php]
[ Mar 03 2026 08:33:29 ] [var/site/cache/template/compiled/emphasize-e78bc4d6663f5ce93924c40385dc1d4a.php]
[ Mar 03 2026 08:33:29 ] [var/site/cache/template/compiled/underline-99ef7d6c13a04743d5005b2933b59935.php]
[ Mar 03 2026 08:33:29 ] [var/site/cache/template/compiled/ul-097bf17191c6b81e8609e206b708439c.php]
[ Mar 03 2026 08:33:29 ] [var/site/cache/template/compiled/print_pagelayout-b4ba5c9aff3e1cf6e12c17928f9f4b2d.php]
[ Mar 03 2026 08:33:29 ] [var/site/cache/template/compiled/page_head-00a8f13836ca97b87d1cd3434501ec90.php]
[ Mar 03 2026 08:33:29 ] [var/site/cache/template/compiled/link-b15d87ec5425276212c3059a66bd9dd7.php]
[ Mar 03 2026 08:33:29 ] [var/site/cache/template/compiled/page_mainarea-c79ff6a66d81eb1095c7938bafbc5a08.php]
[ Mar 03 2026 08:33:29 ] [var/site/cache/template/compiled/page_copyright-dc10aa5f17e601a6d33942decb91c8b6.php]
[ Mar 03 2026 08:33:29 ] [var/site/cache/template/compiled/debug_toolbar-57777d08ef8eca6ffe8ddbe28957e770.php]
[ Mar 03 2026 08:33:29 ] [var/site/cache/template/compiled/clear_cache-654894a12336ccb365056524428ca863.php]
[ Mar 03 2026 08:33:29 ] [var/site/cache/template/compiled/quick_settings-0d19d846e7213342357d126611ecb106.php]
[ Mar 03 2026 08:33:37 ] [var/site/cache/template/compiled/advancedsearch-9724090eb7c7730fd6767b33de2a1443.php]
[ Mar 03 2026 08:33:37 ] [var/site/cache/template/compiled/google-2bcf15da8014fd2f3f28bb2409560be2.php]
[ Mar 03 2026 09:10:47 ] [var/site/cache/template/compiled/forgotpassword-dd02479b2eab5213cf4a0dcd0a1acef1.php]
[ Mar 03 2026 09:19:13 ] [var/site/cache/template/compiled/21-bcaa4a9bef5b2ef86e4fe6252650c3df.php]
[ Mar 03 2026 10:58:33 ] [/var/www/vhosts/portfolio.se7enx.com/public_html/hackernews.portfolio.se7enx.com/lib/ezutils/classes/../../../var/cache/ini/template-c6ee29cf29032e5b4d98caef606d8fbd.php]
[ Mar 03 2026 10:58:33 ] [/var/www/vhosts/portfolio.se7enx.com/public_html/hackernews.portfolio.se7enx.com/lib/ezutils/classes/../../../var/cache/ini/rest-9c3e3ab7edb2bec8a04b6dc8d72d1399.php]
[ Mar 03 2026 11:38:35 ] [var/site/cache/template/compiled/forgotpassword-a7c7ec1d883e1369b8cfbd83c6001dc6.php]
[ Mar 03 2026 13:08:54 ] [/var/www/vhosts/portfolio.se7enx.com/public_html/hackernews.portfolio.se7enx.com/lib/ezutils/classes/../../../var/cache/ini/site-c1623af31c16fc3ffee5a05097e95dd6.php]
[ Mar 03 2026 13:08:54 ] [/var/www/vhosts/portfolio.se7enx.com/public_html/hackernews.portfolio.se7enx.com/lib/ezutils/classes/../../../var/cache/ini/i18n-678d2accc237fa9079b9b3abc491748f.php]
[ Mar 03 2026 13:08:54 ] [/var/www/vhosts/portfolio.se7enx.com/public_html/hackernews.portfolio.se7enx.com/lib/ezutils/classes/../../../var/cache/ini/i18n-f7061ade0fe840d15a8c81f654b48eb1.php]
[ Mar 03 2026 13:08:54 ] [/var/www/vhosts/portfolio.se7enx.com/public_html/hackernews.portfolio.se7enx.com/lib/ezutils/classes/../../../var/cache/ini/error-b8604e413b2270f7c9d6401494886ba3.php]
[ Mar 03 2026 13:08:54 ] [/var/www/vhosts/portfolio.se7enx.com/public_html/hackernews.portfolio.se7enx.com/lib/ezutils/classes/../../../var/cache/ini/file-33c0d0b2750379ea6bbc0a7c3b47cab4.php]
[ Mar 03 2026 13:08:54 ] [/var/www/vhosts/portfolio.se7enx.com/public_html/hackernews.portfolio.se7enx.com/lib/ezutils/classes/../../../var/cache/ini/debug-30b58d57277a91a861853a35747eb10e.php]
[ Mar 03 2026 13:08:54 ] [var/cache//active_extensions_0bb315b1c55c3b5732600994ac1581c6.php]
[ Mar 03 2026 13:08:54 ] [/var/www/vhosts/portfolio.se7enx.com/public_html/hackernews.portfolio.se7enx.com/lib/ezutils/classes/../../../var/cache/ini/site-37309f306efbe0c43b97a0c0f9015735.php]
[ Mar 03 2026 13:08:54 ] [/var/www/vhosts/portfolio.se7enx.com/public_html/hackernews.portfolio.se7enx.com/lib/ezutils/classes/../../../var/cache/ini/template-f259b4628371e14f67092ab4a75547a8.php]
[ Mar 03 2026 13:08:54 ] [/var/www/vhosts/portfolio.se7enx.com/public_html/hackernews.portfolio.se7enx.com/lib/ezutils/classes/../../../var/cache/ini/site-b1c8d4a8192adff4e7c543b06258e996.php]
[ Mar 03 2026 13:08:54 ] [/var/www/vhosts/portfolio.se7enx.com/public_html/hackernews.portfolio.se7enx.com/lib/ezutils/classes/../../../var/cache/ini/module-37f6ef690c7c4b1f8c14f0724c46ced9.php]
[ Mar 03 2026 13:08:54 ] [/var/www/vhosts/portfolio.se7enx.com/public_html/hackernews.portfolio.se7enx.com/lib/ezutils/classes/../../../var/cache/ini/eng-US-2b54e39f7ec7110bbf9440010eacf8cb.php]
[ Mar 03 2026 13:08:54 ] [/var/www/vhosts/portfolio.se7enx.com/public_html/hackernews.portfolio.se7enx.com/lib/ezutils/classes/../../../var/cache/ini/template-f4d110b6b4595a2e31b1463ca2c5a30d.php]
[ Mar 03 2026 13:08:54 ] [/var/www/vhosts/portfolio.se7enx.com/public_html/hackernews.portfolio.se7enx.com/lib/ezutils/classes/../../../var/cache/ini/file-de21129cf5df8255e73bca81dfb2bbd5.php]
[ Mar 03 2026 13:08:54 ] [/var/www/vhosts/portfolio.se7enx.com/public_html/hackernews.portfolio.se7enx.com/lib/ezutils/classes/../../../var/cache/ini/debug-3e0b5c9472eed7907f0e913acd22c2c8.php]
[ Mar 03 2026 13:08:54 ] [/var/www/vhosts/portfolio.se7enx.com/public_html/hackernews.portfolio.se7enx.com/lib/ezutils/classes/../../../var/cache/ini/owsimpleoperator-1737694dd98ca31a0c6ead2a40749b7e.php]
[ Mar 03 2026 13:08:54 ] [/var/www/vhosts/portfolio.se7enx.com/public_html/hackernews.portfolio.se7enx.com/lib/ezutils/classes/../../../var/cache/ini/content-999d2f552175362c357a610649cd01b9.php]
[ Mar 03 2026 13:08:54 ] [/var/www/vhosts/portfolio.se7enx.com/public_html/hackernews.portfolio.se7enx.com/lib/ezutils/classes/../../../var/cache/ini/workflow-dd04f314fd28ba142a3a72683df040bd.php]
[ Mar 03 2026 13:08:54 ] [/var/www/vhosts/portfolio.se7enx.com/public_html/hackernews.portfolio.se7enx.com/lib/ezutils/classes/../../../var/cache/ini/override-d1d589a012e0d46154b6f18f0ae15662.php]
[ Mar 03 2026 13:08:55 ] [/var/www/vhosts/portfolio.se7enx.com/public_html/hackernews.portfolio.se7enx.com/lib/ezutils/classes/../../../var/cache/ini/design-b2b66605972abbcdd9b319f12bde0e6e.php]
[ Mar 03 2026 13:08:55 ] [var/site/cache/template/compiled/common.php]
[ Mar 03 2026 13:08:55 ] [var/site/cache/template/compiled/topstories-f1ff2823f591803158d8c7212ecd4519.php]
[ Mar 03 2026 13:08:55 ] [/var/www/vhosts/portfolio.se7enx.com/public_html/hackernews.portfolio.se7enx.com/lib/ezutils/classes/../../../var/cache/ini/ezxml-96bdeac596e4968db258326af41c30d6.php]
[ Mar 03 2026 13:08:55 ] [var/site/cache/template/compiled/ezxmltext-8e2f92c7e74e431aedf988bc053230e0.php]
[ Mar 03 2026 13:08:55 ] [var/site/cache/template/compiled/link-fca9314726a34148088d354703034104.php]
[ Mar 03 2026 13:08:55 ] [var/site/cache/template/compiled/paragraph-dc641bc2e0a2fa6774cc3d7c494fb22b.php]
[ Mar 03 2026 13:08:55 ] [var/site/cache/template/compiled/google-e86a947a831075deac06f3c72e01f3a7.php]
[ Mar 03 2026 13:08:55 ] [var/site/cache/template/compiled/story-28ce5526878ccf1911475287b39ea36b.php]
[ Mar 03 2026 13:08:55 ] [var/site/cache/template/compiled/ezdiggboxoption-1e4cb5c91f86cf83e436cce8833f85aa.php]
[ Mar 03 2026 13:08:55 ] [var/site/cache/template/compiled/separator-7cbbc3e1ed4206b055b9d190142c1437.php]
[ Mar 03 2026 13:08:56 ] [/var/www/vhosts/portfolio.se7enx.com/public_html/hackernews.portfolio.se7enx.com/lib/ezutils/classes/../../../var/cache/ini/error-0dc071d6ba54bb1c559762947c69f446.php]
[ Mar 03 2026 13:08:56 ] [/var/www/vhosts/portfolio.se7enx.com/public_html/hackernews.portfolio.se7enx.com/lib/ezutils/classes/../../../var/cache/ini/design-d21485edf5f50b00b3b28b56feee9549.php]
[ Mar 03 2026 13:08:56 ] [var/site/cache/template/compiled/login-9fe189924bfb71347f6bfd058ecd6c0d.php]
[ Mar 03 2026 13:08:56 ] [var/site/cache/template/compiled/1-eb8c8dc6f1aab1dbb0c9c3caacb6ab3a.php]
[ Mar 03 2026 13:08:56 ] [/var/www/vhosts/portfolio.se7enx.com/public_html/hackernews.portfolio.se7enx.com/lib/ezutils/classes/../../../var/cache/ini/menu-bf7e88a80bfa0cb2af94a443d146e64b.php]
[ Mar 03 2026 13:08:56 ] [var/site/cache/template/compiled/pagelayout-74eef27f806b8974aa37539986a698d7.php]
[ Mar 03 2026 13:08:56 ] [var/site/cache/template/compiled/page_head_displaystyles-f1d4f49f98b71b2f3d4c02895cd326e4.php]
[ Mar 03 2026 13:08:56 ] [var/site/cache/template/compiled/page_head-62d9c826801d8981afc690c34418ab36.php]
[ Mar 03 2026 13:08:56 ] [/var/www/vhosts/portfolio.se7enx.com/public_html/hackernews.portfolio.se7enx.com/lib/ezutils/classes/../../../var/cache/ini/xrowmetadata-ee807b6ffb090c3c95dcffe036031373.php]
[ Mar 03 2026 13:08:56 ] [var/site/cache/template/compiled/link-9d35a85a0ff452bf28db8704bf2214eb.php]
[ Mar 03 2026 13:08:56 ] [var/site/cache/template/compiled/page_head_style-73313536c5a5e01ed21b7c858b3ece98.php]
[ Mar 03 2026 13:08:56 ] [/var/www/vhosts/portfolio.se7enx.com/public_html/hackernews.portfolio.se7enx.com/lib/ezutils/classes/../../../var/cache/ini/ezjscore-f887468848ace7c3a79bfd7d0adfaf6b.php]
[ Mar 03 2026 13:08:56 ] [var/site/cache/template/compiled/page_head_script-d508608c067a56801b780b383d4119cc.php]
[ Mar 03 2026 13:08:56 ] [var/site/cache/template/compiled/page_header-ce065152cbfa47862fa11616c68ad8e5.php]
[ Mar 03 2026 13:08:56 ] [var/site/cache/template/compiled/dropdown-79624fe58c00b27cb258116dedd932cd.php]
[ Mar 03 2026 13:08:56 ] [var/site/cache/template/compiled/page_footer-c307196c2653933212eeb839c1f0f819.php]
[ Mar 03 2026 13:08:56 ] [var/site/cache/template/compiled/path-a6eaffff7ebf4cca7a755725f584489c.php]
[ Mar 03 2026 13:08:56 ] [/var/www/vhosts/portfolio.se7enx.com/public_html/hackernews.portfolio.se7enx.com/lib/ezutils/classes/../../../var/cache/ini/bcwebsitestatistics-f812b7165e965de37a593d09ac79c1f1.php]
[ Mar 03 2026 13:08:56 ] [var/site/cache/template/compiled/debug_toolbar-96744d7df4fed7d1e765f4d4d94b390c.php]
[ Mar 03 2026 13:08:56 ] [var/site/cache/template/compiled/clear_cache-5fcd1f072336ba7bfe79d66b1c98a58e.php]
[ Mar 03 2026 13:08:56 ] [var/site/cache/template/compiled/quick_settings-fd5a5bf68720e720d12f4798890ed7f8.php]
[ Mar 03 2026 13:08:56 ] [/var/www/vhosts/portfolio.se7enx.com/public_html/hackernews.portfolio.se7enx.com/lib/ezutils/classes/../../../var/cache/ini/site-aadd1012771e9ace1723875162c2023e.php]
[ Mar 03 2026 13:08:56 ] [/var/www/vhosts/portfolio.se7enx.com/public_html/hackernews.portfolio.se7enx.com/lib/ezutils/classes/../../../var/cache/ini/site-9cb0e9631ed265dd09f7291efc783195.php]
[ Mar 03 2026 13:08:57 ] [var/site/cache/template/compiled/line-9f5ac76563da0e1aad1b67a83fdd1bb5.php]
[ Mar 03 2026 13:08:57 ] [/var/www/vhosts/portfolio.se7enx.com/public_html/hackernews.portfolio.se7enx.com/lib/ezutils/classes/../../../var/cache/ini/menu-64dd38572e16309fc03e2f79ae665b43.php]
[ Mar 03 2026 13:08:57 ] [/var/www/vhosts/portfolio.se7enx.com/public_html/hackernews.portfolio.se7enx.com/lib/ezutils/classes/../../../var/cache/ini/xrowmetadata-71e7bfaccd51ec8ec2db837dd18e5f73.php]
[ Mar 03 2026 13:08:57 ] [/var/www/vhosts/portfolio.se7enx.com/public_html/hackernews.portfolio.se7enx.com/lib/ezutils/classes/../../../var/cache/ini/ezjscore-c2ea1dbba60fcc50ceae3bcfb4507b2e.php]
[ Mar 03 2026 13:08:57 ] [/var/www/vhosts/portfolio.se7enx.com/public_html/hackernews.portfolio.se7enx.com/lib/ezutils/classes/../../../var/cache/ini/bcwebsitestatistics-ea6954d455e53950a15c089e80e4940c.php]
[ Mar 03 2026 13:09:02 ] [/var/www/vhosts/portfolio.se7enx.com/public_html/hackernews.portfolio.se7enx.com/lib/ezutils/classes/../../../var/cache/ini/cronjob-e4269c07a858289f6260d63316118c4a.php]
[ Mar 03 2026 13:09:02 ] [/var/www/vhosts/portfolio.se7enx.com/public_html/hackernews.portfolio.se7enx.com/lib/ezutils/classes/../../../var/cache/ini/notification-5bd7d4ae429bd6a563f6402fe6eb3f72.php]
[ Mar 03 2026 13:11:43 ] [var/site/cache/override/override_4e9c8b3f7c81ea1c4a0a74233adee196.php]
[ Mar 03 2026 13:11:43 ] [var/site/cache/template/compiled/collectionlist-1a4dde8155e85f82dd396f7f6903690b.php]
[ Mar 03 2026 13:11:43 ] [/var/www/vhosts/portfolio.se7enx.com/public_html/hackernews.portfolio.se7enx.com/lib/ezutils/classes/../../../var/cache/ini/i18n-6af1d17d2a019caea1d1b26f79be2fb9.php]
[ Mar 03 2026 13:14:02 ] [/var/www/vhosts/portfolio.se7enx.com/public_html/hackernews.portfolio.se7enx.com/lib/ezutils/classes/../../../var/cache/ini/ezxml-206ad5fa267d4f2d96f85e95e9239604.php]
[ Mar 03 2026 13:15:53 ] [var/site/cache/statelimitations_0968810891971db8616ca23694603a01.php]
[ Mar 03 2026 13:15:54 ] [var/site/cache/template/compiled/folder-7be9ffed4fdc261176f492c1739360c3.php]
[ Mar 03 2026 13:15:54 ] [var/site/cache/template/compiled/ezstring-4857c18b7b661021f11d2dd73b073a85.php]
[ Mar 03 2026 13:15:54 ] [var/site/cache/template/compiled/strong-793e7ed8bb6e60e5f0078f60fc7d3c8d.php]
[ Mar 03 2026 13:15:54 ] [var/site/cache/template/compiled/header-609b7279bba13a88f2c884e17589f581.php]
[ Mar 03 2026 13:15:54 ] [var/site/cache/template/compiled/li-48754c350459c5f7057fee8b554a9b10.php]
[ Mar 03 2026 13:15:54 ] [var/site/cache/template/compiled/ul-fc4730951ae7fb64c5a77588fe33fe9d.php]
[ Mar 03 2026 13:17:59 ] [/var/www/vhosts/portfolio.se7enx.com/public_html/hackernews.portfolio.se7enx.com/lib/ezutils/classes/../../../var/cache/ini/collect-394f6853cdacf18520d929479f39e3a4.php]
[ Mar 03 2026 13:17:59 ] [var/site/cache/template/compiled/comment-9541b6f0ea82a5ceea2e5871d664db27.php]
